<?xml version="1.0" encoding="UTF-8"?>
<testng-results skipped="0" failed="0" total="1" passed="1">
  <reporter-output>
  </reporter-output>
  <suite name="Practice Selenium" duration-ms="103" started-at="2020-07-03T14:03:23Z" finished-at="2020-07-03T14:03:23Z">
    <groups>
    </groups>
    <test name="Test" duration-ms="103" started-at="2020-07-03T14:03:23Z" finished-at="2020-07-03T14:03:23Z">
      <class name="testNG.PassingParameters">
        <test-method status="PASS" signature="test1(java.lang.String)[pri:0, instance:testNG.PassingParameters@17550481]" name="test1" duration-ms="55" started-at="2020-07-03T19:33:23Z" finished-at="2020-07-03T19:33:23Z">
          <params>
            <param index="0">
              <value>
                <![CDATA[Bengaluru]]>
              </value>
            </param>
          </params>
          <reporter-output>
          </reporter-output>
        </test-method> <!-- test1 -->
      </class> <!-- testNG.PassingParameters -->
    </test> <!-- Test -->
  </suite> <!-- Practice Selenium -->
</testng-results>
