<?xml version="1.0" encoding="UTF-8"?>
<!-- Generated by org.testng.reporters.JUnitXMLReporter -->
<testsuite hostname="DESKTOP-D8C95I2" name="Test" tests="1" failures="1" timestamp="3 Sep 2018 19:08:11 GMT" time="14.128" errors="0">
  <testcase name="testLogin" time="0.668" classname="com.amit.web.testscripts.Login">
    <failure type="java.lang.NumberFormatException" message="null">
      <![CDATA[java.lang.NumberFormatException: null
	at java.lang.Integer.parseInt(Integer.java:542)
	at java.lang.Integer.parseInt(Integer.java:615)
	at com.amit.web.pageObjects.LoginPage.getImplicitWait(LoginPage.java:89)
	at com.amit.web.testscripts.Login.testLogin(Login.java:45)
... Removed 24 stack frames]]>
    </failure>
  </testcase> <!-- testLogin -->
</testsuite> <!-- Test -->
