<?xml version="1.0" encoding="UTF-8"?>
<testng-results skipped="0" failed="0" ignored="0" total="1" passed="1">
  <reporter-output>
  </reporter-output>
  <suite name="Default suite" duration-ms="20044" started-at="2021-03-08T11:51:07Z" finished-at="2021-03-08T11:51:27Z">
    <groups>
    </groups>
    <test name="Default test" duration-ms="20044" started-at="2021-03-08T11:51:07Z" finished-at="2021-03-08T11:51:27Z">
      <class name="com.amit.testscripts.BestBuyProducts">
        <test-method status="PASS" signature="getAllProducts()[pri:0, instance:com.amit.testscripts.BestBuyProducts@27efef64]" name="getAllProducts" duration-ms="19867" started-at="2021-03-08T17:21:07Z" finished-at="2021-03-08T17:21:27Z">
          <reporter-output>
          </reporter-output>
        </test-method> <!-- getAllProducts -->
      </class> <!-- com.amit.testscripts.BestBuyProducts -->
    </test> <!-- Default test -->
  </suite> <!-- Default suite -->
</testng-results>
