<?xml version="1.0" encoding="UTF-8"?>
<testng-results skipped="0" failed="0" ignored="0" total="201" passed="201">
  <reporter-output>
  </reporter-output>
  <suite name="Default suite" duration-ms="232566" started-at="2020-07-30T13:14:07Z" finished-at="2020-07-30T13:18:00Z">
    <groups>
    </groups>
    <test name="Default test" duration-ms="232566" started-at="2020-07-30T13:14:07Z" finished-at="2020-07-30T13:18:00Z">
      <class name="com.amit.testscripts.TC001">
        <test-method status="PASS" signature="setUp()[pri:0, instance:com.amit.testscripts.TC001@5b275dab]" name="setUp" is-config="true" duration-ms="47" started-at="2020-07-30T18:44:07Z" finished-at="2020-07-30T18:44:07Z">
          <reporter-output>
          </reporter-output>
        </test-method> <!-- setUp -->
        <test-method status="PASS" signature="verifyTodos()[pri:0, instance:com.amit.testscripts.TC001@5b275dab]" name="verifyTodos" duration-ms="10086" started-at="2020-07-30T18:44:07Z" description="Test to verify all todos" finished-at="2020-07-30T18:44:18Z">
          <reporter-output>
          </reporter-output>
        </test-method> <!-- verifyTodos -->
        <test-method status="PASS" signature="verifyTodosByID(java.lang.Integer, java.lang.Integer, java.lang.String, java.lang.Boolean)[pri:0, instance:com.amit.testscripts.TC001@5b275dab]" name="verifyTodosByID" duration-ms="500" started-at="2020-07-30T18:44:18Z" description="Test to verify todos by ID" data-provider="getID" finished-at="2020-07-30T18:44:18Z">
          <params>
            <param index="0">
              <value>
                <![CDATA[1]]>
              </value>
            </param>
            <param index="1">
              <value>
                <![CDATA[1]]>
              </value>
            </param>
            <param index="2">
              <value>
                <![CDATA[delectus aut autem]]>
              </value>
            </param>
            <param index="3">
              <value>
                <![CDATA[false]]>
              </value>
            </param>
          </params>
          <reporter-output>
          </reporter-output>
        </test-method> <!-- verifyTodosByID -->
        <test-method status="PASS" signature="verifyTodosByID(java.lang.Integer, java.lang.Integer, java.lang.String, java.lang.Boolean)[pri:0, instance:com.amit.testscripts.TC001@5b275dab]" name="verifyTodosByID" duration-ms="1141" started-at="2020-07-30T18:44:18Z" description="Test to verify todos by ID" data-provider="getID" finished-at="2020-07-30T18:44:19Z">
          <params>
            <param index="0">
              <value>
                <![CDATA[1]]>
              </value>
            </param>
            <param index="1">
              <value>
                <![CDATA[2]]>
              </value>
            </param>
            <param index="2">
              <value>
                <![CDATA[quis ut nam facilis et officia qui]]>
              </value>
            </param>
            <param index="3">
              <value>
                <![CDATA[false]]>
              </value>
            </param>
          </params>
          <reporter-output>
          </reporter-output>
        </test-method> <!-- verifyTodosByID -->
        <test-method status="PASS" signature="verifyTodosByID(java.lang.Integer, java.lang.Integer, java.lang.String, java.lang.Boolean)[pri:0, instance:com.amit.testscripts.TC001@5b275dab]" name="verifyTodosByID" duration-ms="1313" started-at="2020-07-30T18:44:19Z" description="Test to verify todos by ID" data-provider="getID" finished-at="2020-07-30T18:44:20Z">
          <params>
            <param index="0">
              <value>
                <![CDATA[1]]>
              </value>
            </param>
            <param index="1">
              <value>
                <![CDATA[3]]>
              </value>
            </param>
            <param index="2">
              <value>
                <![CDATA[fugiat veniam minus]]>
              </value>
            </param>
            <param index="3">
              <value>
                <![CDATA[false]]>
              </value>
            </param>
          </params>
          <reporter-output>
          </reporter-output>
        </test-method> <!-- verifyTodosByID -->
        <test-method status="PASS" signature="verifyTodosByID(java.lang.Integer, java.lang.Integer, java.lang.String, java.lang.Boolean)[pri:0, instance:com.amit.testscripts.TC001@5b275dab]" name="verifyTodosByID" duration-ms="1328" started-at="2020-07-30T18:44:21Z" description="Test to verify todos by ID" data-provider="getID" finished-at="2020-07-30T18:44:22Z">
          <params>
            <param index="0">
              <value>
                <![CDATA[1]]>
              </value>
            </param>
            <param index="1">
              <value>
                <![CDATA[4]]>
              </value>
            </param>
            <param index="2">
              <value>
                <![CDATA[et porro tempora]]>
              </value>
            </param>
            <param index="3">
              <value>
                <![CDATA[true]]>
              </value>
            </param>
          </params>
          <reporter-output>
          </reporter-output>
        </test-method> <!-- verifyTodosByID -->
        <test-method status="PASS" signature="verifyTodosByID(java.lang.Integer, java.lang.Integer, java.lang.String, java.lang.Boolean)[pri:0, instance:com.amit.testscripts.TC001@5b275dab]" name="verifyTodosByID" duration-ms="1328" started-at="2020-07-30T18:44:22Z" description="Test to verify todos by ID" data-provider="getID" finished-at="2020-07-30T18:44:23Z">
          <params>
            <param index="0">
              <value>
                <![CDATA[1]]>
              </value>
            </param>
            <param index="1">
              <value>
                <![CDATA[5]]>
              </value>
            </param>
            <param index="2">
              <value>
                <![CDATA[laboriosam mollitia et enim quasi adipisci quia provident illum]]>
              </value>
            </param>
            <param index="3">
              <value>
                <![CDATA[false]]>
              </value>
            </param>
          </params>
          <reporter-output>
          </reporter-output>
        </test-method> <!-- verifyTodosByID -->
        <test-method status="PASS" signature="verifyTodosByID(java.lang.Integer, java.lang.Integer, java.lang.String, java.lang.Boolean)[pri:0, instance:com.amit.testscripts.TC001@5b275dab]" name="verifyTodosByID" duration-ms="1218" started-at="2020-07-30T18:44:23Z" description="Test to verify todos by ID" data-provider="getID" finished-at="2020-07-30T18:44:24Z">
          <params>
            <param index="0">
              <value>
                <![CDATA[1]]>
              </value>
            </param>
            <param index="1">
              <value>
                <![CDATA[6]]>
              </value>
            </param>
            <param index="2">
              <value>
                <![CDATA[qui ullam ratione quibusdam voluptatem quia omnis]]>
              </value>
            </param>
            <param index="3">
              <value>
                <![CDATA[false]]>
              </value>
            </param>
          </params>
          <reporter-output>
          </reporter-output>
        </test-method> <!-- verifyTodosByID -->
        <test-method status="PASS" signature="verifyTodosByID(java.lang.Integer, java.lang.Integer, java.lang.String, java.lang.Boolean)[pri:0, instance:com.amit.testscripts.TC001@5b275dab]" name="verifyTodosByID" duration-ms="1234" started-at="2020-07-30T18:44:24Z" description="Test to verify todos by ID" data-provider="getID" finished-at="2020-07-30T18:44:26Z">
          <params>
            <param index="0">
              <value>
                <![CDATA[1]]>
              </value>
            </param>
            <param index="1">
              <value>
                <![CDATA[7]]>
              </value>
            </param>
            <param index="2">
              <value>
                <![CDATA[illo expedita consequatur quia in]]>
              </value>
            </param>
            <param index="3">
              <value>
                <![CDATA[false]]>
              </value>
            </param>
          </params>
          <reporter-output>
          </reporter-output>
        </test-method> <!-- verifyTodosByID -->
        <test-method status="PASS" signature="verifyTodosByID(java.lang.Integer, java.lang.Integer, java.lang.String, java.lang.Boolean)[pri:0, instance:com.amit.testscripts.TC001@5b275dab]" name="verifyTodosByID" duration-ms="1328" started-at="2020-07-30T18:44:26Z" description="Test to verify todos by ID" data-provider="getID" finished-at="2020-07-30T18:44:27Z">
          <params>
            <param index="0">
              <value>
                <![CDATA[1]]>
              </value>
            </param>
            <param index="1">
              <value>
                <![CDATA[8]]>
              </value>
            </param>
            <param index="2">
              <value>
                <![CDATA[quo adipisci enim quam ut ab]]>
              </value>
            </param>
            <param index="3">
              <value>
                <![CDATA[true]]>
              </value>
            </param>
          </params>
          <reporter-output>
          </reporter-output>
        </test-method> <!-- verifyTodosByID -->
        <test-method status="PASS" signature="verifyTodosByID(java.lang.Integer, java.lang.Integer, java.lang.String, java.lang.Boolean)[pri:0, instance:com.amit.testscripts.TC001@5b275dab]" name="verifyTodosByID" duration-ms="1234" started-at="2020-07-30T18:44:27Z" description="Test to verify todos by ID" data-provider="getID" finished-at="2020-07-30T18:44:28Z">
          <params>
            <param index="0">
              <value>
                <![CDATA[1]]>
              </value>
            </param>
            <param index="1">
              <value>
                <![CDATA[9]]>
              </value>
            </param>
            <param index="2">
              <value>
                <![CDATA[molestiae perspiciatis ipsa]]>
              </value>
            </param>
            <param index="3">
              <value>
                <![CDATA[false]]>
              </value>
            </param>
          </params>
          <reporter-output>
          </reporter-output>
        </test-method> <!-- verifyTodosByID -->
        <test-method status="PASS" signature="verifyTodosByID(java.lang.Integer, java.lang.Integer, java.lang.String, java.lang.Boolean)[pri:0, instance:com.amit.testscripts.TC001@5b275dab]" name="verifyTodosByID" duration-ms="1125" started-at="2020-07-30T18:44:28Z" description="Test to verify todos by ID" data-provider="getID" finished-at="2020-07-30T18:44:29Z">
          <params>
            <param index="0">
              <value>
                <![CDATA[1]]>
              </value>
            </param>
            <param index="1">
              <value>
                <![CDATA[10]]>
              </value>
            </param>
            <param index="2">
              <value>
                <![CDATA[illo est ratione doloremque quia maiores aut]]>
              </value>
            </param>
            <param index="3">
              <value>
                <![CDATA[true]]>
              </value>
            </param>
          </params>
          <reporter-output>
          </reporter-output>
        </test-method> <!-- verifyTodosByID -->
        <test-method status="PASS" signature="verifyTodosByID(java.lang.Integer, java.lang.Integer, java.lang.String, java.lang.Boolean)[pri:0, instance:com.amit.testscripts.TC001@5b275dab]" name="verifyTodosByID" duration-ms="1109" started-at="2020-07-30T18:44:29Z" description="Test to verify todos by ID" data-provider="getID" finished-at="2020-07-30T18:44:30Z">
          <params>
            <param index="0">
              <value>
                <![CDATA[1]]>
              </value>
            </param>
            <param index="1">
              <value>
                <![CDATA[11]]>
              </value>
            </param>
            <param index="2">
              <value>
                <![CDATA[vero rerum temporibus dolor]]>
              </value>
            </param>
            <param index="3">
              <value>
                <![CDATA[true]]>
              </value>
            </param>
          </params>
          <reporter-output>
          </reporter-output>
        </test-method> <!-- verifyTodosByID -->
        <test-method status="PASS" signature="verifyTodosByID(java.lang.Integer, java.lang.Integer, java.lang.String, java.lang.Boolean)[pri:0, instance:com.amit.testscripts.TC001@5b275dab]" name="verifyTodosByID" duration-ms="1015" started-at="2020-07-30T18:44:30Z" description="Test to verify todos by ID" data-provider="getID" finished-at="2020-07-30T18:44:31Z">
          <params>
            <param index="0">
              <value>
                <![CDATA[1]]>
              </value>
            </param>
            <param index="1">
              <value>
                <![CDATA[12]]>
              </value>
            </param>
            <param index="2">
              <value>
                <![CDATA[ipsa repellendus fugit nisi]]>
              </value>
            </param>
            <param index="3">
              <value>
                <![CDATA[true]]>
              </value>
            </param>
          </params>
          <reporter-output>
          </reporter-output>
        </test-method> <!-- verifyTodosByID -->
        <test-method status="PASS" signature="verifyTodosByID(java.lang.Integer, java.lang.Integer, java.lang.String, java.lang.Boolean)[pri:0, instance:com.amit.testscripts.TC001@5b275dab]" name="verifyTodosByID" duration-ms="1218" started-at="2020-07-30T18:44:31Z" description="Test to verify todos by ID" data-provider="getID" finished-at="2020-07-30T18:44:33Z">
          <params>
            <param index="0">
              <value>
                <![CDATA[1]]>
              </value>
            </param>
            <param index="1">
              <value>
                <![CDATA[13]]>
              </value>
            </param>
            <param index="2">
              <value>
                <![CDATA[et doloremque nulla]]>
              </value>
            </param>
            <param index="3">
              <value>
                <![CDATA[false]]>
              </value>
            </param>
          </params>
          <reporter-output>
          </reporter-output>
        </test-method> <!-- verifyTodosByID -->
        <test-method status="PASS" signature="verifyTodosByID(java.lang.Integer, java.lang.Integer, java.lang.String, java.lang.Boolean)[pri:0, instance:com.amit.testscripts.TC001@5b275dab]" name="verifyTodosByID" duration-ms="1219" started-at="2020-07-30T18:44:33Z" description="Test to verify todos by ID" data-provider="getID" finished-at="2020-07-30T18:44:34Z">
          <params>
            <param index="0">
              <value>
                <![CDATA[1]]>
              </value>
            </param>
            <param index="1">
              <value>
                <![CDATA[14]]>
              </value>
            </param>
            <param index="2">
              <value>
                <![CDATA[repellendus sunt dolores architecto voluptatum]]>
              </value>
            </param>
            <param index="3">
              <value>
                <![CDATA[true]]>
              </value>
            </param>
          </params>
          <reporter-output>
          </reporter-output>
        </test-method> <!-- verifyTodosByID -->
        <test-method status="PASS" signature="verifyTodosByID(java.lang.Integer, java.lang.Integer, java.lang.String, java.lang.Boolean)[pri:0, instance:com.amit.testscripts.TC001@5b275dab]" name="verifyTodosByID" duration-ms="999" started-at="2020-07-30T18:44:34Z" description="Test to verify todos by ID" data-provider="getID" finished-at="2020-07-30T18:44:35Z">
          <params>
            <param index="0">
              <value>
                <![CDATA[1]]>
              </value>
            </param>
            <param index="1">
              <value>
                <![CDATA[15]]>
              </value>
            </param>
            <param index="2">
              <value>
                <![CDATA[ab voluptatum amet voluptas]]>
              </value>
            </param>
            <param index="3">
              <value>
                <![CDATA[true]]>
              </value>
            </param>
          </params>
          <reporter-output>
          </reporter-output>
        </test-method> <!-- verifyTodosByID -->
        <test-method status="PASS" signature="verifyTodosByID(java.lang.Integer, java.lang.Integer, java.lang.String, java.lang.Boolean)[pri:0, instance:com.amit.testscripts.TC001@5b275dab]" name="verifyTodosByID" duration-ms="1781" started-at="2020-07-30T18:44:35Z" description="Test to verify todos by ID" data-provider="getID" finished-at="2020-07-30T18:44:37Z">
          <params>
            <param index="0">
              <value>
                <![CDATA[1]]>
              </value>
            </param>
            <param index="1">
              <value>
                <![CDATA[16]]>
              </value>
            </param>
            <param index="2">
              <value>
                <![CDATA[accusamus eos facilis sint et aut voluptatem]]>
              </value>
            </param>
            <param index="3">
              <value>
                <![CDATA[true]]>
              </value>
            </param>
          </params>
          <reporter-output>
          </reporter-output>
        </test-method> <!-- verifyTodosByID -->
        <test-method status="PASS" signature="verifyTodosByID(java.lang.Integer, java.lang.Integer, java.lang.String, java.lang.Boolean)[pri:0, instance:com.amit.testscripts.TC001@5b275dab]" name="verifyTodosByID" duration-ms="1437" started-at="2020-07-30T18:44:37Z" description="Test to verify todos by ID" data-provider="getID" finished-at="2020-07-30T18:44:38Z">
          <params>
            <param index="0">
              <value>
                <![CDATA[1]]>
              </value>
            </param>
            <param index="1">
              <value>
                <![CDATA[17]]>
              </value>
            </param>
            <param index="2">
              <value>
                <![CDATA[quo laboriosam deleniti aut qui]]>
              </value>
            </param>
            <param index="3">
              <value>
                <![CDATA[true]]>
              </value>
            </param>
          </params>
          <reporter-output>
          </reporter-output>
        </test-method> <!-- verifyTodosByID -->
        <test-method status="PASS" signature="verifyTodosByID(java.lang.Integer, java.lang.Integer, java.lang.String, java.lang.Boolean)[pri:0, instance:com.amit.testscripts.TC001@5b275dab]" name="verifyTodosByID" duration-ms="1234" started-at="2020-07-30T18:44:38Z" description="Test to verify todos by ID" data-provider="getID" finished-at="2020-07-30T18:44:39Z">
          <params>
            <param index="0">
              <value>
                <![CDATA[1]]>
              </value>
            </param>
            <param index="1">
              <value>
                <![CDATA[18]]>
              </value>
            </param>
            <param index="2">
              <value>
                <![CDATA[dolorum est consequatur ea mollitia in culpa]]>
              </value>
            </param>
            <param index="3">
              <value>
                <![CDATA[false]]>
              </value>
            </param>
          </params>
          <reporter-output>
          </reporter-output>
        </test-method> <!-- verifyTodosByID -->
        <test-method status="PASS" signature="verifyTodosByID(java.lang.Integer, java.lang.Integer, java.lang.String, java.lang.Boolean)[pri:0, instance:com.amit.testscripts.TC001@5b275dab]" name="verifyTodosByID" duration-ms="1000" started-at="2020-07-30T18:44:39Z" description="Test to verify todos by ID" data-provider="getID" finished-at="2020-07-30T18:44:40Z">
          <params>
            <param index="0">
              <value>
                <![CDATA[1]]>
              </value>
            </param>
            <param index="1">
              <value>
                <![CDATA[19]]>
              </value>
            </param>
            <param index="2">
              <value>
                <![CDATA[molestiae ipsa aut voluptatibus pariatur dolor nihil]]>
              </value>
            </param>
            <param index="3">
              <value>
                <![CDATA[true]]>
              </value>
            </param>
          </params>
          <reporter-output>
          </reporter-output>
        </test-method> <!-- verifyTodosByID -->
        <test-method status="PASS" signature="verifyTodosByID(java.lang.Integer, java.lang.Integer, java.lang.String, java.lang.Boolean)[pri:0, instance:com.amit.testscripts.TC001@5b275dab]" name="verifyTodosByID" duration-ms="1328" started-at="2020-07-30T18:44:40Z" description="Test to verify todos by ID" data-provider="getID" finished-at="2020-07-30T18:44:42Z">
          <params>
            <param index="0">
              <value>
                <![CDATA[1]]>
              </value>
            </param>
            <param index="1">
              <value>
                <![CDATA[20]]>
              </value>
            </param>
            <param index="2">
              <value>
                <![CDATA[ullam nobis libero sapiente ad optio sint]]>
              </value>
            </param>
            <param index="3">
              <value>
                <![CDATA[true]]>
              </value>
            </param>
          </params>
          <reporter-output>
          </reporter-output>
        </test-method> <!-- verifyTodosByID -->
        <test-method status="PASS" signature="verifyTodosByID(java.lang.Integer, java.lang.Integer, java.lang.String, java.lang.Boolean)[pri:0, instance:com.amit.testscripts.TC001@5b275dab]" name="verifyTodosByID" duration-ms="1218" started-at="2020-07-30T18:44:42Z" description="Test to verify todos by ID" data-provider="getID" finished-at="2020-07-30T18:44:43Z">
          <params>
            <param index="0">
              <value>
                <![CDATA[2]]>
              </value>
            </param>
            <param index="1">
              <value>
                <![CDATA[21]]>
              </value>
            </param>
            <param index="2">
              <value>
                <![CDATA[suscipit repellat esse quibusdam voluptatem incidunt]]>
              </value>
            </param>
            <param index="3">
              <value>
                <![CDATA[false]]>
              </value>
            </param>
          </params>
          <reporter-output>
          </reporter-output>
        </test-method> <!-- verifyTodosByID -->
        <test-method status="PASS" signature="verifyTodosByID(java.lang.Integer, java.lang.Integer, java.lang.String, java.lang.Boolean)[pri:0, instance:com.amit.testscripts.TC001@5b275dab]" name="verifyTodosByID" duration-ms="1327" started-at="2020-07-30T18:44:43Z" description="Test to verify todos by ID" data-provider="getID" finished-at="2020-07-30T18:44:44Z">
          <params>
            <param index="0">
              <value>
                <![CDATA[2]]>
              </value>
            </param>
            <param index="1">
              <value>
                <![CDATA[22]]>
              </value>
            </param>
            <param index="2">
              <value>
                <![CDATA[distinctio vitae autem nihil ut molestias quo]]>
              </value>
            </param>
            <param index="3">
              <value>
                <![CDATA[true]]>
              </value>
            </param>
          </params>
          <reporter-output>
          </reporter-output>
        </test-method> <!-- verifyTodosByID -->
        <test-method status="PASS" signature="verifyTodosByID(java.lang.Integer, java.lang.Integer, java.lang.String, java.lang.Boolean)[pri:0, instance:com.amit.testscripts.TC001@5b275dab]" name="verifyTodosByID" duration-ms="1219" started-at="2020-07-30T18:44:44Z" description="Test to verify todos by ID" data-provider="getID" finished-at="2020-07-30T18:44:45Z">
          <params>
            <param index="0">
              <value>
                <![CDATA[2]]>
              </value>
            </param>
            <param index="1">
              <value>
                <![CDATA[23]]>
              </value>
            </param>
            <param index="2">
              <value>
                <![CDATA[et itaque necessitatibus maxime molestiae qui quas velit]]>
              </value>
            </param>
            <param index="3">
              <value>
                <![CDATA[false]]>
              </value>
            </param>
          </params>
          <reporter-output>
          </reporter-output>
        </test-method> <!-- verifyTodosByID -->
        <test-method status="PASS" signature="verifyTodosByID(java.lang.Integer, java.lang.Integer, java.lang.String, java.lang.Boolean)[pri:0, instance:com.amit.testscripts.TC001@5b275dab]" name="verifyTodosByID" duration-ms="921" started-at="2020-07-30T18:44:45Z" description="Test to verify todos by ID" data-provider="getID" finished-at="2020-07-30T18:44:46Z">
          <params>
            <param index="0">
              <value>
                <![CDATA[2]]>
              </value>
            </param>
            <param index="1">
              <value>
                <![CDATA[24]]>
              </value>
            </param>
            <param index="2">
              <value>
                <![CDATA[adipisci non ad dicta qui amet quaerat doloribus ea]]>
              </value>
            </param>
            <param index="3">
              <value>
                <![CDATA[false]]>
              </value>
            </param>
          </params>
          <reporter-output>
          </reporter-output>
        </test-method> <!-- verifyTodosByID -->
        <test-method status="PASS" signature="verifyTodosByID(java.lang.Integer, java.lang.Integer, java.lang.String, java.lang.Boolean)[pri:0, instance:com.amit.testscripts.TC001@5b275dab]" name="verifyTodosByID" duration-ms="1328" started-at="2020-07-30T18:44:46Z" description="Test to verify todos by ID" data-provider="getID" finished-at="2020-07-30T18:44:48Z">
          <params>
            <param index="0">
              <value>
                <![CDATA[2]]>
              </value>
            </param>
            <param index="1">
              <value>
                <![CDATA[25]]>
              </value>
            </param>
            <param index="2">
              <value>
                <![CDATA[voluptas quo tenetur perspiciatis explicabo natus]]>
              </value>
            </param>
            <param index="3">
              <value>
                <![CDATA[true]]>
              </value>
            </param>
          </params>
          <reporter-output>
          </reporter-output>
        </test-method> <!-- verifyTodosByID -->
        <test-method status="PASS" signature="verifyTodosByID(java.lang.Integer, java.lang.Integer, java.lang.String, java.lang.Boolean)[pri:0, instance:com.amit.testscripts.TC001@5b275dab]" name="verifyTodosByID" duration-ms="1328" started-at="2020-07-30T18:44:48Z" description="Test to verify todos by ID" data-provider="getID" finished-at="2020-07-30T18:44:49Z">
          <params>
            <param index="0">
              <value>
                <![CDATA[2]]>
              </value>
            </param>
            <param index="1">
              <value>
                <![CDATA[26]]>
              </value>
            </param>
            <param index="2">
              <value>
                <![CDATA[aliquam aut quasi]]>
              </value>
            </param>
            <param index="3">
              <value>
                <![CDATA[true]]>
              </value>
            </param>
          </params>
          <reporter-output>
          </reporter-output>
        </test-method> <!-- verifyTodosByID -->
        <test-method status="PASS" signature="verifyTodosByID(java.lang.Integer, java.lang.Integer, java.lang.String, java.lang.Boolean)[pri:0, instance:com.amit.testscripts.TC001@5b275dab]" name="verifyTodosByID" duration-ms="1421" started-at="2020-07-30T18:44:49Z" description="Test to verify todos by ID" data-provider="getID" finished-at="2020-07-30T18:44:50Z">
          <params>
            <param index="0">
              <value>
                <![CDATA[2]]>
              </value>
            </param>
            <param index="1">
              <value>
                <![CDATA[27]]>
              </value>
            </param>
            <param index="2">
              <value>
                <![CDATA[veritatis pariatur delectus]]>
              </value>
            </param>
            <param index="3">
              <value>
                <![CDATA[true]]>
              </value>
            </param>
          </params>
          <reporter-output>
          </reporter-output>
        </test-method> <!-- verifyTodosByID -->
        <test-method status="PASS" signature="verifyTodosByID(java.lang.Integer, java.lang.Integer, java.lang.String, java.lang.Boolean)[pri:0, instance:com.amit.testscripts.TC001@5b275dab]" name="verifyTodosByID" duration-ms="1141" started-at="2020-07-30T18:44:50Z" description="Test to verify todos by ID" data-provider="getID" finished-at="2020-07-30T18:44:52Z">
          <params>
            <param index="0">
              <value>
                <![CDATA[2]]>
              </value>
            </param>
            <param index="1">
              <value>
                <![CDATA[28]]>
              </value>
            </param>
            <param index="2">
              <value>
                <![CDATA[nesciunt totam sit blanditiis sit]]>
              </value>
            </param>
            <param index="3">
              <value>
                <![CDATA[false]]>
              </value>
            </param>
          </params>
          <reporter-output>
          </reporter-output>
        </test-method> <!-- verifyTodosByID -->
        <test-method status="PASS" signature="verifyTodosByID(java.lang.Integer, java.lang.Integer, java.lang.String, java.lang.Boolean)[pri:0, instance:com.amit.testscripts.TC001@5b275dab]" name="verifyTodosByID" duration-ms="1218" started-at="2020-07-30T18:44:52Z" description="Test to verify todos by ID" data-provider="getID" finished-at="2020-07-30T18:44:53Z">
          <params>
            <param index="0">
              <value>
                <![CDATA[2]]>
              </value>
            </param>
            <param index="1">
              <value>
                <![CDATA[29]]>
              </value>
            </param>
            <param index="2">
              <value>
                <![CDATA[laborum aut in quam]]>
              </value>
            </param>
            <param index="3">
              <value>
                <![CDATA[false]]>
              </value>
            </param>
          </params>
          <reporter-output>
          </reporter-output>
        </test-method> <!-- verifyTodosByID -->
        <test-method status="PASS" signature="verifyTodosByID(java.lang.Integer, java.lang.Integer, java.lang.String, java.lang.Boolean)[pri:0, instance:com.amit.testscripts.TC001@5b275dab]" name="verifyTodosByID" duration-ms="1234" started-at="2020-07-30T18:44:53Z" description="Test to verify todos by ID" data-provider="getID" finished-at="2020-07-30T18:44:54Z">
          <params>
            <param index="0">
              <value>
                <![CDATA[2]]>
              </value>
            </param>
            <param index="1">
              <value>
                <![CDATA[30]]>
              </value>
            </param>
            <param index="2">
              <value>
                <![CDATA[nemo perspiciatis repellat ut dolor libero commodi blanditiis omnis]]>
              </value>
            </param>
            <param index="3">
              <value>
                <![CDATA[true]]>
              </value>
            </param>
          </params>
          <reporter-output>
          </reporter-output>
        </test-method> <!-- verifyTodosByID -->
        <test-method status="PASS" signature="verifyTodosByID(java.lang.Integer, java.lang.Integer, java.lang.String, java.lang.Boolean)[pri:0, instance:com.amit.testscripts.TC001@5b275dab]" name="verifyTodosByID" duration-ms="1328" started-at="2020-07-30T18:44:54Z" description="Test to verify todos by ID" data-provider="getID" finished-at="2020-07-30T18:44:55Z">
          <params>
            <param index="0">
              <value>
                <![CDATA[2]]>
              </value>
            </param>
            <param index="1">
              <value>
                <![CDATA[31]]>
              </value>
            </param>
            <param index="2">
              <value>
                <![CDATA[repudiandae totam in est sint facere fuga]]>
              </value>
            </param>
            <param index="3">
              <value>
                <![CDATA[false]]>
              </value>
            </param>
          </params>
          <reporter-output>
          </reporter-output>
        </test-method> <!-- verifyTodosByID -->
        <test-method status="PASS" signature="verifyTodosByID(java.lang.Integer, java.lang.Integer, java.lang.String, java.lang.Boolean)[pri:0, instance:com.amit.testscripts.TC001@5b275dab]" name="verifyTodosByID" duration-ms="1344" started-at="2020-07-30T18:44:55Z" description="Test to verify todos by ID" data-provider="getID" finished-at="2020-07-30T18:44:57Z">
          <params>
            <param index="0">
              <value>
                <![CDATA[2]]>
              </value>
            </param>
            <param index="1">
              <value>
                <![CDATA[32]]>
              </value>
            </param>
            <param index="2">
              <value>
                <![CDATA[earum doloribus ea doloremque quis]]>
              </value>
            </param>
            <param index="3">
              <value>
                <![CDATA[false]]>
              </value>
            </param>
          </params>
          <reporter-output>
          </reporter-output>
        </test-method> <!-- verifyTodosByID -->
        <test-method status="PASS" signature="verifyTodosByID(java.lang.Integer, java.lang.Integer, java.lang.String, java.lang.Boolean)[pri:0, instance:com.amit.testscripts.TC001@5b275dab]" name="verifyTodosByID" duration-ms="921" started-at="2020-07-30T18:44:57Z" description="Test to verify todos by ID" data-provider="getID" finished-at="2020-07-30T18:44:58Z">
          <params>
            <param index="0">
              <value>
                <![CDATA[2]]>
              </value>
            </param>
            <param index="1">
              <value>
                <![CDATA[33]]>
              </value>
            </param>
            <param index="2">
              <value>
                <![CDATA[sint sit aut vero]]>
              </value>
            </param>
            <param index="3">
              <value>
                <![CDATA[false]]>
              </value>
            </param>
          </params>
          <reporter-output>
          </reporter-output>
        </test-method> <!-- verifyTodosByID -->
        <test-method status="PASS" signature="verifyTodosByID(java.lang.Integer, java.lang.Integer, java.lang.String, java.lang.Boolean)[pri:0, instance:com.amit.testscripts.TC001@5b275dab]" name="verifyTodosByID" duration-ms="1219" started-at="2020-07-30T18:44:58Z" description="Test to verify todos by ID" data-provider="getID" finished-at="2020-07-30T18:44:59Z">
          <params>
            <param index="0">
              <value>
                <![CDATA[2]]>
              </value>
            </param>
            <param index="1">
              <value>
                <![CDATA[34]]>
              </value>
            </param>
            <param index="2">
              <value>
                <![CDATA[porro aut necessitatibus eaque distinctio]]>
              </value>
            </param>
            <param index="3">
              <value>
                <![CDATA[false]]>
              </value>
            </param>
          </params>
          <reporter-output>
          </reporter-output>
        </test-method> <!-- verifyTodosByID -->
        <test-method status="PASS" signature="verifyTodosByID(java.lang.Integer, java.lang.Integer, java.lang.String, java.lang.Boolean)[pri:0, instance:com.amit.testscripts.TC001@5b275dab]" name="verifyTodosByID" duration-ms="1015" started-at="2020-07-30T18:44:59Z" description="Test to verify todos by ID" data-provider="getID" finished-at="2020-07-30T18:45:00Z">
          <params>
            <param index="0">
              <value>
                <![CDATA[2]]>
              </value>
            </param>
            <param index="1">
              <value>
                <![CDATA[35]]>
              </value>
            </param>
            <param index="2">
              <value>
                <![CDATA[repellendus veritatis molestias dicta incidunt]]>
              </value>
            </param>
            <param index="3">
              <value>
                <![CDATA[true]]>
              </value>
            </param>
          </params>
          <reporter-output>
          </reporter-output>
        </test-method> <!-- verifyTodosByID -->
        <test-method status="PASS" signature="verifyTodosByID(java.lang.Integer, java.lang.Integer, java.lang.String, java.lang.Boolean)[pri:0, instance:com.amit.testscripts.TC001@5b275dab]" name="verifyTodosByID" duration-ms="1234" started-at="2020-07-30T18:45:00Z" description="Test to verify todos by ID" data-provider="getID" finished-at="2020-07-30T18:45:01Z">
          <params>
            <param index="0">
              <value>
                <![CDATA[2]]>
              </value>
            </param>
            <param index="1">
              <value>
                <![CDATA[36]]>
              </value>
            </param>
            <param index="2">
              <value>
                <![CDATA[excepturi deleniti adipisci voluptatem et neque optio illum ad]]>
              </value>
            </param>
            <param index="3">
              <value>
                <![CDATA[true]]>
              </value>
            </param>
          </params>
          <reporter-output>
          </reporter-output>
        </test-method> <!-- verifyTodosByID -->
        <test-method status="PASS" signature="verifyTodosByID(java.lang.Integer, java.lang.Integer, java.lang.String, java.lang.Boolean)[pri:0, instance:com.amit.testscripts.TC001@5b275dab]" name="verifyTodosByID" duration-ms="1328" started-at="2020-07-30T18:45:01Z" description="Test to verify todos by ID" data-provider="getID" finished-at="2020-07-30T18:45:02Z">
          <params>
            <param index="0">
              <value>
                <![CDATA[2]]>
              </value>
            </param>
            <param index="1">
              <value>
                <![CDATA[37]]>
              </value>
            </param>
            <param index="2">
              <value>
                <![CDATA[sunt cum tempora]]>
              </value>
            </param>
            <param index="3">
              <value>
                <![CDATA[false]]>
              </value>
            </param>
          </params>
          <reporter-output>
          </reporter-output>
        </test-method> <!-- verifyTodosByID -->
        <test-method status="PASS" signature="verifyTodosByID(java.lang.Integer, java.lang.Integer, java.lang.String, java.lang.Boolean)[pri:0, instance:com.amit.testscripts.TC001@5b275dab]" name="verifyTodosByID" duration-ms="1281" started-at="2020-07-30T18:45:02Z" description="Test to verify todos by ID" data-provider="getID" finished-at="2020-07-30T18:45:04Z">
          <params>
            <param index="0">
              <value>
                <![CDATA[2]]>
              </value>
            </param>
            <param index="1">
              <value>
                <![CDATA[38]]>
              </value>
            </param>
            <param index="2">
              <value>
                <![CDATA[totam quia non]]>
              </value>
            </param>
            <param index="3">
              <value>
                <![CDATA[false]]>
              </value>
            </param>
          </params>
          <reporter-output>
          </reporter-output>
        </test-method> <!-- verifyTodosByID -->
        <test-method status="PASS" signature="verifyTodosByID(java.lang.Integer, java.lang.Integer, java.lang.String, java.lang.Boolean)[pri:0, instance:com.amit.testscripts.TC001@5b275dab]" name="verifyTodosByID" duration-ms="937" started-at="2020-07-30T18:45:04Z" description="Test to verify todos by ID" data-provider="getID" finished-at="2020-07-30T18:45:05Z">
          <params>
            <param index="0">
              <value>
                <![CDATA[2]]>
              </value>
            </param>
            <param index="1">
              <value>
                <![CDATA[39]]>
              </value>
            </param>
            <param index="2">
              <value>
                <![CDATA[doloremque quibusdam asperiores libero corrupti illum qui omnis]]>
              </value>
            </param>
            <param index="3">
              <value>
                <![CDATA[false]]>
              </value>
            </param>
          </params>
          <reporter-output>
          </reporter-output>
        </test-method> <!-- verifyTodosByID -->
        <test-method status="PASS" signature="verifyTodosByID(java.lang.Integer, java.lang.Integer, java.lang.String, java.lang.Boolean)[pri:0, instance:com.amit.testscripts.TC001@5b275dab]" name="verifyTodosByID" duration-ms="969" started-at="2020-07-30T18:45:05Z" description="Test to verify todos by ID" data-provider="getID" finished-at="2020-07-30T18:45:06Z">
          <params>
            <param index="0">
              <value>
                <![CDATA[2]]>
              </value>
            </param>
            <param index="1">
              <value>
                <![CDATA[40]]>
              </value>
            </param>
            <param index="2">
              <value>
                <![CDATA[totam atque quo nesciunt]]>
              </value>
            </param>
            <param index="3">
              <value>
                <![CDATA[true]]>
              </value>
            </param>
          </params>
          <reporter-output>
          </reporter-output>
        </test-method> <!-- verifyTodosByID -->
        <test-method status="PASS" signature="verifyTodosByID(java.lang.Integer, java.lang.Integer, java.lang.String, java.lang.Boolean)[pri:0, instance:com.amit.testscripts.TC001@5b275dab]" name="verifyTodosByID" duration-ms="1218" started-at="2020-07-30T18:45:06Z" description="Test to verify todos by ID" data-provider="getID" finished-at="2020-07-30T18:45:07Z">
          <params>
            <param index="0">
              <value>
                <![CDATA[3]]>
              </value>
            </param>
            <param index="1">
              <value>
                <![CDATA[41]]>
              </value>
            </param>
            <param index="2">
              <value>
                <![CDATA[aliquid amet impedit consequatur aspernatur placeat eaque fugiat suscipit]]>
              </value>
            </param>
            <param index="3">
              <value>
                <![CDATA[false]]>
              </value>
            </param>
          </params>
          <reporter-output>
          </reporter-output>
        </test-method> <!-- verifyTodosByID -->
        <test-method status="PASS" signature="verifyTodosByID(java.lang.Integer, java.lang.Integer, java.lang.String, java.lang.Boolean)[pri:0, instance:com.amit.testscripts.TC001@5b275dab]" name="verifyTodosByID" duration-ms="1031" started-at="2020-07-30T18:45:07Z" description="Test to verify todos by ID" data-provider="getID" finished-at="2020-07-30T18:45:08Z">
          <params>
            <param index="0">
              <value>
                <![CDATA[3]]>
              </value>
            </param>
            <param index="1">
              <value>
                <![CDATA[42]]>
              </value>
            </param>
            <param index="2">
              <value>
                <![CDATA[rerum perferendis error quia ut eveniet]]>
              </value>
            </param>
            <param index="3">
              <value>
                <![CDATA[false]]>
              </value>
            </param>
          </params>
          <reporter-output>
          </reporter-output>
        </test-method> <!-- verifyTodosByID -->
        <test-method status="PASS" signature="verifyTodosByID(java.lang.Integer, java.lang.Integer, java.lang.String, java.lang.Boolean)[pri:0, instance:com.amit.testscripts.TC001@5b275dab]" name="verifyTodosByID" duration-ms="922" started-at="2020-07-30T18:45:08Z" description="Test to verify todos by ID" data-provider="getID" finished-at="2020-07-30T18:45:09Z">
          <params>
            <param index="0">
              <value>
                <![CDATA[3]]>
              </value>
            </param>
            <param index="1">
              <value>
                <![CDATA[43]]>
              </value>
            </param>
            <param index="2">
              <value>
                <![CDATA[tempore ut sint quis recusandae]]>
              </value>
            </param>
            <param index="3">
              <value>
                <![CDATA[true]]>
              </value>
            </param>
          </params>
          <reporter-output>
          </reporter-output>
        </test-method> <!-- verifyTodosByID -->
        <test-method status="PASS" signature="verifyTodosByID(java.lang.Integer, java.lang.Integer, java.lang.String, java.lang.Boolean)[pri:0, instance:com.amit.testscripts.TC001@5b275dab]" name="verifyTodosByID" duration-ms="1328" started-at="2020-07-30T18:45:09Z" description="Test to verify todos by ID" data-provider="getID" finished-at="2020-07-30T18:45:10Z">
          <params>
            <param index="0">
              <value>
                <![CDATA[3]]>
              </value>
            </param>
            <param index="1">
              <value>
                <![CDATA[44]]>
              </value>
            </param>
            <param index="2">
              <value>
                <![CDATA[cum debitis quis accusamus doloremque ipsa natus sapiente omnis]]>
              </value>
            </param>
            <param index="3">
              <value>
                <![CDATA[true]]>
              </value>
            </param>
          </params>
          <reporter-output>
          </reporter-output>
        </test-method> <!-- verifyTodosByID -->
        <test-method status="PASS" signature="verifyTodosByID(java.lang.Integer, java.lang.Integer, java.lang.String, java.lang.Boolean)[pri:0, instance:com.amit.testscripts.TC001@5b275dab]" name="verifyTodosByID" duration-ms="1546" started-at="2020-07-30T18:45:10Z" description="Test to verify todos by ID" data-provider="getID" finished-at="2020-07-30T18:45:12Z">
          <params>
            <param index="0">
              <value>
                <![CDATA[3]]>
              </value>
            </param>
            <param index="1">
              <value>
                <![CDATA[45]]>
              </value>
            </param>
            <param index="2">
              <value>
                <![CDATA[velit soluta adipisci molestias reiciendis harum]]>
              </value>
            </param>
            <param index="3">
              <value>
                <![CDATA[false]]>
              </value>
            </param>
          </params>
          <reporter-output>
          </reporter-output>
        </test-method> <!-- verifyTodosByID -->
        <test-method status="PASS" signature="verifyTodosByID(java.lang.Integer, java.lang.Integer, java.lang.String, java.lang.Boolean)[pri:0, instance:com.amit.testscripts.TC001@5b275dab]" name="verifyTodosByID" duration-ms="1313" started-at="2020-07-30T18:45:12Z" description="Test to verify todos by ID" data-provider="getID" finished-at="2020-07-30T18:45:13Z">
          <params>
            <param index="0">
              <value>
                <![CDATA[3]]>
              </value>
            </param>
            <param index="1">
              <value>
                <![CDATA[46]]>
              </value>
            </param>
            <param index="2">
              <value>
                <![CDATA[vel voluptatem repellat nihil placeat corporis]]>
              </value>
            </param>
            <param index="3">
              <value>
                <![CDATA[false]]>
              </value>
            </param>
          </params>
          <reporter-output>
          </reporter-output>
        </test-method> <!-- verifyTodosByID -->
        <test-method status="PASS" signature="verifyTodosByID(java.lang.Integer, java.lang.Integer, java.lang.String, java.lang.Boolean)[pri:0, instance:com.amit.testscripts.TC001@5b275dab]" name="verifyTodosByID" duration-ms="1191" started-at="2020-07-30T18:45:13Z" description="Test to verify todos by ID" data-provider="getID" finished-at="2020-07-30T18:45:14Z">
          <params>
            <param index="0">
              <value>
                <![CDATA[3]]>
              </value>
            </param>
            <param index="1">
              <value>
                <![CDATA[47]]>
              </value>
            </param>
            <param index="2">
              <value>
                <![CDATA[nam qui rerum fugiat accusamus]]>
              </value>
            </param>
            <param index="3">
              <value>
                <![CDATA[false]]>
              </value>
            </param>
          </params>
          <reporter-output>
          </reporter-output>
        </test-method> <!-- verifyTodosByID -->
        <test-method status="PASS" signature="verifyTodosByID(java.lang.Integer, java.lang.Integer, java.lang.String, java.lang.Boolean)[pri:0, instance:com.amit.testscripts.TC001@5b275dab]" name="verifyTodosByID" duration-ms="1015" started-at="2020-07-30T18:45:14Z" description="Test to verify todos by ID" data-provider="getID" finished-at="2020-07-30T18:45:15Z">
          <params>
            <param index="0">
              <value>
                <![CDATA[3]]>
              </value>
            </param>
            <param index="1">
              <value>
                <![CDATA[48]]>
              </value>
            </param>
            <param index="2">
              <value>
                <![CDATA[sit reprehenderit omnis quia]]>
              </value>
            </param>
            <param index="3">
              <value>
                <![CDATA[false]]>
              </value>
            </param>
          </params>
          <reporter-output>
          </reporter-output>
        </test-method> <!-- verifyTodosByID -->
        <test-method status="PASS" signature="verifyTodosByID(java.lang.Integer, java.lang.Integer, java.lang.String, java.lang.Boolean)[pri:0, instance:com.amit.testscripts.TC001@5b275dab]" name="verifyTodosByID" duration-ms="1218" started-at="2020-07-30T18:45:15Z" description="Test to verify todos by ID" data-provider="getID" finished-at="2020-07-30T18:45:16Z">
          <params>
            <param index="0">
              <value>
                <![CDATA[3]]>
              </value>
            </param>
            <param index="1">
              <value>
                <![CDATA[49]]>
              </value>
            </param>
            <param index="2">
              <value>
                <![CDATA[ut necessitatibus aut maiores debitis officia blanditiis velit et]]>
              </value>
            </param>
            <param index="3">
              <value>
                <![CDATA[false]]>
              </value>
            </param>
          </params>
          <reporter-output>
          </reporter-output>
        </test-method> <!-- verifyTodosByID -->
        <test-method status="PASS" signature="verifyTodosByID(java.lang.Integer, java.lang.Integer, java.lang.String, java.lang.Boolean)[pri:0, instance:com.amit.testscripts.TC001@5b275dab]" name="verifyTodosByID" duration-ms="1313" started-at="2020-07-30T18:45:16Z" description="Test to verify todos by ID" data-provider="getID" finished-at="2020-07-30T18:45:18Z">
          <params>
            <param index="0">
              <value>
                <![CDATA[3]]>
              </value>
            </param>
            <param index="1">
              <value>
                <![CDATA[50]]>
              </value>
            </param>
            <param index="2">
              <value>
                <![CDATA[cupiditate necessitatibus ullam aut quis dolor voluptate]]>
              </value>
            </param>
            <param index="3">
              <value>
                <![CDATA[true]]>
              </value>
            </param>
          </params>
          <reporter-output>
          </reporter-output>
        </test-method> <!-- verifyTodosByID -->
        <test-method status="PASS" signature="verifyTodosByID(java.lang.Integer, java.lang.Integer, java.lang.String, java.lang.Boolean)[pri:0, instance:com.amit.testscripts.TC001@5b275dab]" name="verifyTodosByID" duration-ms="999" started-at="2020-07-30T18:45:18Z" description="Test to verify todos by ID" data-provider="getID" finished-at="2020-07-30T18:45:19Z">
          <params>
            <param index="0">
              <value>
                <![CDATA[3]]>
              </value>
            </param>
            <param index="1">
              <value>
                <![CDATA[51]]>
              </value>
            </param>
            <param index="2">
              <value>
                <![CDATA[distinctio exercitationem ab doloribus]]>
              </value>
            </param>
            <param index="3">
              <value>
                <![CDATA[false]]>
              </value>
            </param>
          </params>
          <reporter-output>
          </reporter-output>
        </test-method> <!-- verifyTodosByID -->
        <test-method status="PASS" signature="verifyTodosByID(java.lang.Integer, java.lang.Integer, java.lang.String, java.lang.Boolean)[pri:0, instance:com.amit.testscripts.TC001@5b275dab]" name="verifyTodosByID" duration-ms="1172" started-at="2020-07-30T18:45:19Z" description="Test to verify todos by ID" data-provider="getID" finished-at="2020-07-30T18:45:20Z">
          <params>
            <param index="0">
              <value>
                <![CDATA[3]]>
              </value>
            </param>
            <param index="1">
              <value>
                <![CDATA[52]]>
              </value>
            </param>
            <param index="2">
              <value>
                <![CDATA[nesciunt dolorum quis recusandae ad pariatur ratione]]>
              </value>
            </param>
            <param index="3">
              <value>
                <![CDATA[false]]>
              </value>
            </param>
          </params>
          <reporter-output>
          </reporter-output>
        </test-method> <!-- verifyTodosByID -->
        <test-method status="PASS" signature="verifyTodosByID(java.lang.Integer, java.lang.Integer, java.lang.String, java.lang.Boolean)[pri:0, instance:com.amit.testscripts.TC001@5b275dab]" name="verifyTodosByID" duration-ms="1078" started-at="2020-07-30T18:45:20Z" description="Test to verify todos by ID" data-provider="getID" finished-at="2020-07-30T18:45:21Z">
          <params>
            <param index="0">
              <value>
                <![CDATA[3]]>
              </value>
            </param>
            <param index="1">
              <value>
                <![CDATA[53]]>
              </value>
            </param>
            <param index="2">
              <value>
                <![CDATA[qui labore est occaecati recusandae aliquid quam]]>
              </value>
            </param>
            <param index="3">
              <value>
                <![CDATA[false]]>
              </value>
            </param>
          </params>
          <reporter-output>
          </reporter-output>
        </test-method> <!-- verifyTodosByID -->
        <test-method status="PASS" signature="verifyTodosByID(java.lang.Integer, java.lang.Integer, java.lang.String, java.lang.Boolean)[pri:0, instance:com.amit.testscripts.TC001@5b275dab]" name="verifyTodosByID" duration-ms="1331" started-at="2020-07-30T18:45:21Z" description="Test to verify todos by ID" data-provider="getID" finished-at="2020-07-30T18:45:22Z">
          <params>
            <param index="0">
              <value>
                <![CDATA[3]]>
              </value>
            </param>
            <param index="1">
              <value>
                <![CDATA[54]]>
              </value>
            </param>
            <param index="2">
              <value>
                <![CDATA[quis et est ut voluptate quam dolor]]>
              </value>
            </param>
            <param index="3">
              <value>
                <![CDATA[true]]>
              </value>
            </param>
          </params>
          <reporter-output>
          </reporter-output>
        </test-method> <!-- verifyTodosByID -->
        <test-method status="PASS" signature="verifyTodosByID(java.lang.Integer, java.lang.Integer, java.lang.String, java.lang.Boolean)[pri:0, instance:com.amit.testscripts.TC001@5b275dab]" name="verifyTodosByID" duration-ms="1360" started-at="2020-07-30T18:45:22Z" description="Test to verify todos by ID" data-provider="getID" finished-at="2020-07-30T18:45:24Z">
          <params>
            <param index="0">
              <value>
                <![CDATA[3]]>
              </value>
            </param>
            <param index="1">
              <value>
                <![CDATA[55]]>
              </value>
            </param>
            <param index="2">
              <value>
                <![CDATA[voluptatum omnis minima qui occaecati provident nulla voluptatem ratione]]>
              </value>
            </param>
            <param index="3">
              <value>
                <![CDATA[true]]>
              </value>
            </param>
          </params>
          <reporter-output>
          </reporter-output>
        </test-method> <!-- verifyTodosByID -->
        <test-method status="PASS" signature="verifyTodosByID(java.lang.Integer, java.lang.Integer, java.lang.String, java.lang.Boolean)[pri:0, instance:com.amit.testscripts.TC001@5b275dab]" name="verifyTodosByID" duration-ms="970" started-at="2020-07-30T18:45:24Z" description="Test to verify todos by ID" data-provider="getID" finished-at="2020-07-30T18:45:25Z">
          <params>
            <param index="0">
              <value>
                <![CDATA[3]]>
              </value>
            </param>
            <param index="1">
              <value>
                <![CDATA[56]]>
              </value>
            </param>
            <param index="2">
              <value>
                <![CDATA[deleniti ea temporibus enim]]>
              </value>
            </param>
            <param index="3">
              <value>
                <![CDATA[true]]>
              </value>
            </param>
          </params>
          <reporter-output>
          </reporter-output>
        </test-method> <!-- verifyTodosByID -->
        <test-method status="PASS" signature="verifyTodosByID(java.lang.Integer, java.lang.Integer, java.lang.String, java.lang.Boolean)[pri:0, instance:com.amit.testscripts.TC001@5b275dab]" name="verifyTodosByID" duration-ms="938" started-at="2020-07-30T18:45:25Z" description="Test to verify todos by ID" data-provider="getID" finished-at="2020-07-30T18:45:26Z">
          <params>
            <param index="0">
              <value>
                <![CDATA[3]]>
              </value>
            </param>
            <param index="1">
              <value>
                <![CDATA[57]]>
              </value>
            </param>
            <param index="2">
              <value>
                <![CDATA[pariatur et magnam ea doloribus similique voluptatem rerum quia]]>
              </value>
            </param>
            <param index="3">
              <value>
                <![CDATA[false]]>
              </value>
            </param>
          </params>
          <reporter-output>
          </reporter-output>
        </test-method> <!-- verifyTodosByID -->
        <test-method status="PASS" signature="verifyTodosByID(java.lang.Integer, java.lang.Integer, java.lang.String, java.lang.Boolean)[pri:0, instance:com.amit.testscripts.TC001@5b275dab]" name="verifyTodosByID" duration-ms="906" started-at="2020-07-30T18:45:26Z" description="Test to verify todos by ID" data-provider="getID" finished-at="2020-07-30T18:45:27Z">
          <params>
            <param index="0">
              <value>
                <![CDATA[3]]>
              </value>
            </param>
            <param index="1">
              <value>
                <![CDATA[58]]>
              </value>
            </param>
            <param index="2">
              <value>
                <![CDATA[est dicta totam qui explicabo doloribus qui dignissimos]]>
              </value>
            </param>
            <param index="3">
              <value>
                <![CDATA[false]]>
              </value>
            </param>
          </params>
          <reporter-output>
          </reporter-output>
        </test-method> <!-- verifyTodosByID -->
        <test-method status="PASS" signature="verifyTodosByID(java.lang.Integer, java.lang.Integer, java.lang.String, java.lang.Boolean)[pri:0, instance:com.amit.testscripts.TC001@5b275dab]" name="verifyTodosByID" duration-ms="906" started-at="2020-07-30T18:45:27Z" description="Test to verify todos by ID" data-provider="getID" finished-at="2020-07-30T18:45:27Z">
          <params>
            <param index="0">
              <value>
                <![CDATA[3]]>
              </value>
            </param>
            <param index="1">
              <value>
                <![CDATA[59]]>
              </value>
            </param>
            <param index="2">
              <value>
                <![CDATA[perspiciatis velit id laborum placeat iusto et aliquam odio]]>
              </value>
            </param>
            <param index="3">
              <value>
                <![CDATA[false]]>
              </value>
            </param>
          </params>
          <reporter-output>
          </reporter-output>
        </test-method> <!-- verifyTodosByID -->
        <test-method status="PASS" signature="verifyTodosByID(java.lang.Integer, java.lang.Integer, java.lang.String, java.lang.Boolean)[pri:0, instance:com.amit.testscripts.TC001@5b275dab]" name="verifyTodosByID" duration-ms="1172" started-at="2020-07-30T18:45:27Z" description="Test to verify todos by ID" data-provider="getID" finished-at="2020-07-30T18:45:29Z">
          <params>
            <param index="0">
              <value>
                <![CDATA[3]]>
              </value>
            </param>
            <param index="1">
              <value>
                <![CDATA[60]]>
              </value>
            </param>
            <param index="2">
              <value>
                <![CDATA[et sequi qui architecto ut adipisci]]>
              </value>
            </param>
            <param index="3">
              <value>
                <![CDATA[true]]>
              </value>
            </param>
          </params>
          <reporter-output>
          </reporter-output>
        </test-method> <!-- verifyTodosByID -->
        <test-method status="PASS" signature="verifyTodosByID(java.lang.Integer, java.lang.Integer, java.lang.String, java.lang.Boolean)[pri:0, instance:com.amit.testscripts.TC001@5b275dab]" name="verifyTodosByID" duration-ms="1015" started-at="2020-07-30T18:45:29Z" description="Test to verify todos by ID" data-provider="getID" finished-at="2020-07-30T18:45:30Z">
          <params>
            <param index="0">
              <value>
                <![CDATA[4]]>
              </value>
            </param>
            <param index="1">
              <value>
                <![CDATA[61]]>
              </value>
            </param>
            <param index="2">
              <value>
                <![CDATA[odit optio omnis qui sunt]]>
              </value>
            </param>
            <param index="3">
              <value>
                <![CDATA[true]]>
              </value>
            </param>
          </params>
          <reporter-output>
          </reporter-output>
        </test-method> <!-- verifyTodosByID -->
        <test-method status="PASS" signature="verifyTodosByID(java.lang.Integer, java.lang.Integer, java.lang.String, java.lang.Boolean)[pri:0, instance:com.amit.testscripts.TC001@5b275dab]" name="verifyTodosByID" duration-ms="906" started-at="2020-07-30T18:45:30Z" description="Test to verify todos by ID" data-provider="getID" finished-at="2020-07-30T18:45:31Z">
          <params>
            <param index="0">
              <value>
                <![CDATA[4]]>
              </value>
            </param>
            <param index="1">
              <value>
                <![CDATA[62]]>
              </value>
            </param>
            <param index="2">
              <value>
                <![CDATA[et placeat et tempore aspernatur sint numquam]]>
              </value>
            </param>
            <param index="3">
              <value>
                <![CDATA[false]]>
              </value>
            </param>
          </params>
          <reporter-output>
          </reporter-output>
        </test-method> <!-- verifyTodosByID -->
        <test-method status="PASS" signature="verifyTodosByID(java.lang.Integer, java.lang.Integer, java.lang.String, java.lang.Boolean)[pri:0, instance:com.amit.testscripts.TC001@5b275dab]" name="verifyTodosByID" duration-ms="1265" started-at="2020-07-30T18:45:31Z" description="Test to verify todos by ID" data-provider="getID" finished-at="2020-07-30T18:45:32Z">
          <params>
            <param index="0">
              <value>
                <![CDATA[4]]>
              </value>
            </param>
            <param index="1">
              <value>
                <![CDATA[63]]>
              </value>
            </param>
            <param index="2">
              <value>
                <![CDATA[doloremque aut dolores quidem fuga qui nulla]]>
              </value>
            </param>
            <param index="3">
              <value>
                <![CDATA[true]]>
              </value>
            </param>
          </params>
          <reporter-output>
          </reporter-output>
        </test-method> <!-- verifyTodosByID -->
        <test-method status="PASS" signature="verifyTodosByID(java.lang.Integer, java.lang.Integer, java.lang.String, java.lang.Boolean)[pri:0, instance:com.amit.testscripts.TC001@5b275dab]" name="verifyTodosByID" duration-ms="953" started-at="2020-07-30T18:45:32Z" description="Test to verify todos by ID" data-provider="getID" finished-at="2020-07-30T18:45:33Z">
          <params>
            <param index="0">
              <value>
                <![CDATA[4]]>
              </value>
            </param>
            <param index="1">
              <value>
                <![CDATA[64]]>
              </value>
            </param>
            <param index="2">
              <value>
                <![CDATA[voluptas consequatur qui ut quia magnam nemo esse]]>
              </value>
            </param>
            <param index="3">
              <value>
                <![CDATA[false]]>
              </value>
            </param>
          </params>
          <reporter-output>
          </reporter-output>
        </test-method> <!-- verifyTodosByID -->
        <test-method status="PASS" signature="verifyTodosByID(java.lang.Integer, java.lang.Integer, java.lang.String, java.lang.Boolean)[pri:0, instance:com.amit.testscripts.TC001@5b275dab]" name="verifyTodosByID" duration-ms="1330" started-at="2020-07-30T18:45:33Z" description="Test to verify todos by ID" data-provider="getID" finished-at="2020-07-30T18:45:34Z">
          <params>
            <param index="0">
              <value>
                <![CDATA[4]]>
              </value>
            </param>
            <param index="1">
              <value>
                <![CDATA[65]]>
              </value>
            </param>
            <param index="2">
              <value>
                <![CDATA[fugiat pariatur ratione ut asperiores necessitatibus magni]]>
              </value>
            </param>
            <param index="3">
              <value>
                <![CDATA[false]]>
              </value>
            </param>
          </params>
          <reporter-output>
          </reporter-output>
        </test-method> <!-- verifyTodosByID -->
        <test-method status="PASS" signature="verifyTodosByID(java.lang.Integer, java.lang.Integer, java.lang.String, java.lang.Boolean)[pri:0, instance:com.amit.testscripts.TC001@5b275dab]" name="verifyTodosByID" duration-ms="1328" started-at="2020-07-30T18:45:34Z" description="Test to verify todos by ID" data-provider="getID" finished-at="2020-07-30T18:45:35Z">
          <params>
            <param index="0">
              <value>
                <![CDATA[4]]>
              </value>
            </param>
            <param index="1">
              <value>
                <![CDATA[66]]>
              </value>
            </param>
            <param index="2">
              <value>
                <![CDATA[rerum eum molestias autem voluptatum sit optio]]>
              </value>
            </param>
            <param index="3">
              <value>
                <![CDATA[false]]>
              </value>
            </param>
          </params>
          <reporter-output>
          </reporter-output>
        </test-method> <!-- verifyTodosByID -->
        <test-method status="PASS" signature="verifyTodosByID(java.lang.Integer, java.lang.Integer, java.lang.String, java.lang.Boolean)[pri:0, instance:com.amit.testscripts.TC001@5b275dab]" name="verifyTodosByID" duration-ms="1172" started-at="2020-07-30T18:45:35Z" description="Test to verify todos by ID" data-provider="getID" finished-at="2020-07-30T18:45:37Z">
          <params>
            <param index="0">
              <value>
                <![CDATA[4]]>
              </value>
            </param>
            <param index="1">
              <value>
                <![CDATA[67]]>
              </value>
            </param>
            <param index="2">
              <value>
                <![CDATA[quia voluptatibus voluptatem quos similique maiores repellat]]>
              </value>
            </param>
            <param index="3">
              <value>
                <![CDATA[false]]>
              </value>
            </param>
          </params>
          <reporter-output>
          </reporter-output>
        </test-method> <!-- verifyTodosByID -->
        <test-method status="PASS" signature="verifyTodosByID(java.lang.Integer, java.lang.Integer, java.lang.String, java.lang.Boolean)[pri:0, instance:com.amit.testscripts.TC001@5b275dab]" name="verifyTodosByID" duration-ms="1281" started-at="2020-07-30T18:45:37Z" description="Test to verify todos by ID" data-provider="getID" finished-at="2020-07-30T18:45:38Z">
          <params>
            <param index="0">
              <value>
                <![CDATA[4]]>
              </value>
            </param>
            <param index="1">
              <value>
                <![CDATA[68]]>
              </value>
            </param>
            <param index="2">
              <value>
                <![CDATA[aut id perspiciatis voluptatem iusto]]>
              </value>
            </param>
            <param index="3">
              <value>
                <![CDATA[false]]>
              </value>
            </param>
          </params>
          <reporter-output>
          </reporter-output>
        </test-method> <!-- verifyTodosByID -->
        <test-method status="PASS" signature="verifyTodosByID(java.lang.Integer, java.lang.Integer, java.lang.String, java.lang.Boolean)[pri:0, instance:com.amit.testscripts.TC001@5b275dab]" name="verifyTodosByID" duration-ms="953" started-at="2020-07-30T18:45:38Z" description="Test to verify todos by ID" data-provider="getID" finished-at="2020-07-30T18:45:39Z">
          <params>
            <param index="0">
              <value>
                <![CDATA[4]]>
              </value>
            </param>
            <param index="1">
              <value>
                <![CDATA[69]]>
              </value>
            </param>
            <param index="2">
              <value>
                <![CDATA[doloribus sint dolorum ab adipisci itaque dignissimos aliquam suscipit]]>
              </value>
            </param>
            <param index="3">
              <value>
                <![CDATA[false]]>
              </value>
            </param>
          </params>
          <reporter-output>
          </reporter-output>
        </test-method> <!-- verifyTodosByID -->
        <test-method status="PASS" signature="verifyTodosByID(java.lang.Integer, java.lang.Integer, java.lang.String, java.lang.Boolean)[pri:0, instance:com.amit.testscripts.TC001@5b275dab]" name="verifyTodosByID" duration-ms="953" started-at="2020-07-30T18:45:39Z" description="Test to verify todos by ID" data-provider="getID" finished-at="2020-07-30T18:45:40Z">
          <params>
            <param index="0">
              <value>
                <![CDATA[4]]>
              </value>
            </param>
            <param index="1">
              <value>
                <![CDATA[70]]>
              </value>
            </param>
            <param index="2">
              <value>
                <![CDATA[ut sequi accusantium et mollitia delectus sunt]]>
              </value>
            </param>
            <param index="3">
              <value>
                <![CDATA[false]]>
              </value>
            </param>
          </params>
          <reporter-output>
          </reporter-output>
        </test-method> <!-- verifyTodosByID -->
        <test-method status="PASS" signature="verifyTodosByID(java.lang.Integer, java.lang.Integer, java.lang.String, java.lang.Boolean)[pri:0, instance:com.amit.testscripts.TC001@5b275dab]" name="verifyTodosByID" duration-ms="969" started-at="2020-07-30T18:45:40Z" description="Test to verify todos by ID" data-provider="getID" finished-at="2020-07-30T18:45:41Z">
          <params>
            <param index="0">
              <value>
                <![CDATA[4]]>
              </value>
            </param>
            <param index="1">
              <value>
                <![CDATA[71]]>
              </value>
            </param>
            <param index="2">
              <value>
                <![CDATA[aut velit saepe ullam]]>
              </value>
            </param>
            <param index="3">
              <value>
                <![CDATA[false]]>
              </value>
            </param>
          </params>
          <reporter-output>
          </reporter-output>
        </test-method> <!-- verifyTodosByID -->
        <test-method status="PASS" signature="verifyTodosByID(java.lang.Integer, java.lang.Integer, java.lang.String, java.lang.Boolean)[pri:0, instance:com.amit.testscripts.TC001@5b275dab]" name="verifyTodosByID" duration-ms="952" started-at="2020-07-30T18:45:41Z" description="Test to verify todos by ID" data-provider="getID" finished-at="2020-07-30T18:45:42Z">
          <params>
            <param index="0">
              <value>
                <![CDATA[4]]>
              </value>
            </param>
            <param index="1">
              <value>
                <![CDATA[72]]>
              </value>
            </param>
            <param index="2">
              <value>
                <![CDATA[praesentium facilis facere quis harum voluptatibus voluptatem eum]]>
              </value>
            </param>
            <param index="3">
              <value>
                <![CDATA[false]]>
              </value>
            </param>
          </params>
          <reporter-output>
          </reporter-output>
        </test-method> <!-- verifyTodosByID -->
        <test-method status="PASS" signature="verifyTodosByID(java.lang.Integer, java.lang.Integer, java.lang.String, java.lang.Boolean)[pri:0, instance:com.amit.testscripts.TC001@5b275dab]" name="verifyTodosByID" duration-ms="1297" started-at="2020-07-30T18:45:42Z" description="Test to verify todos by ID" data-provider="getID" finished-at="2020-07-30T18:45:43Z">
          <params>
            <param index="0">
              <value>
                <![CDATA[4]]>
              </value>
            </param>
            <param index="1">
              <value>
                <![CDATA[73]]>
              </value>
            </param>
            <param index="2">
              <value>
                <![CDATA[sint amet quia totam corporis qui exercitationem commodi]]>
              </value>
            </param>
            <param index="3">
              <value>
                <![CDATA[true]]>
              </value>
            </param>
          </params>
          <reporter-output>
          </reporter-output>
        </test-method> <!-- verifyTodosByID -->
        <test-method status="PASS" signature="verifyTodosByID(java.lang.Integer, java.lang.Integer, java.lang.String, java.lang.Boolean)[pri:0, instance:com.amit.testscripts.TC001@5b275dab]" name="verifyTodosByID" duration-ms="922" started-at="2020-07-30T18:45:43Z" description="Test to verify todos by ID" data-provider="getID" finished-at="2020-07-30T18:45:44Z">
          <params>
            <param index="0">
              <value>
                <![CDATA[4]]>
              </value>
            </param>
            <param index="1">
              <value>
                <![CDATA[74]]>
              </value>
            </param>
            <param index="2">
              <value>
                <![CDATA[expedita tempore nobis eveniet laborum maiores]]>
              </value>
            </param>
            <param index="3">
              <value>
                <![CDATA[false]]>
              </value>
            </param>
          </params>
          <reporter-output>
          </reporter-output>
        </test-method> <!-- verifyTodosByID -->
        <test-method status="PASS" signature="verifyTodosByID(java.lang.Integer, java.lang.Integer, java.lang.String, java.lang.Boolean)[pri:0, instance:com.amit.testscripts.TC001@5b275dab]" name="verifyTodosByID" duration-ms="969" started-at="2020-07-30T18:45:44Z" description="Test to verify todos by ID" data-provider="getID" finished-at="2020-07-30T18:45:45Z">
          <params>
            <param index="0">
              <value>
                <![CDATA[4]]>
[...]
          <params>
            <param index="0">
              <value>
                <![CDATA[10]]>
              </value>
            </param>
            <param index="1">
              <value>
                <![CDATA[182]]>
              </value>
            </param>
            <param index="2">
              <value>
                <![CDATA[inventore saepe cumque et aut illum enim]]>
              </value>
            </param>
            <param index="3">
              <value>
                <![CDATA[true]]>
              </value>
            </param>
          </params>
          <reporter-output>
          </reporter-output>
        </test-method> <!-- verifyTodosByID -->
        <test-method status="PASS" signature="verifyTodosByID(java.lang.Integer, java.lang.Integer, java.lang.String, java.lang.Boolean)[pri:0, instance:com.amit.testscripts.TC001@5b275dab]" name="verifyTodosByID" duration-ms="953" started-at="2020-07-30T18:47:40Z" description="Test to verify todos by ID" data-provider="getID" finished-at="2020-07-30T18:47:41Z">
          <params>
            <param index="0">
              <value>
                <![CDATA[10]]>
              </value>
            </param>
            <param index="1">
              <value>
                <![CDATA[183]]>
              </value>
            </param>
            <param index="2">
              <value>
                <![CDATA[omnis nulla eum aliquam distinctio]]>
              </value>
            </param>
            <param index="3">
              <value>
                <![CDATA[true]]>
              </value>
            </param>
          </params>
          <reporter-output>
          </reporter-output>
        </test-method> <!-- verifyTodosByID -->
        <test-method status="PASS" signature="verifyTodosByID(java.lang.Integer, java.lang.Integer, java.lang.String, java.lang.Boolean)[pri:0, instance:com.amit.testscripts.TC001@5b275dab]" name="verifyTodosByID" duration-ms="1281" started-at="2020-07-30T18:47:41Z" description="Test to verify todos by ID" data-provider="getID" finished-at="2020-07-30T18:47:43Z">
          <params>
            <param index="0">
              <value>
                <![CDATA[10]]>
              </value>
            </param>
            <param index="1">
              <value>
                <![CDATA[184]]>
              </value>
            </param>
            <param index="2">
              <value>
                <![CDATA[molestias modi perferendis perspiciatis]]>
              </value>
            </param>
            <param index="3">
              <value>
                <![CDATA[false]]>
              </value>
            </param>
          </params>
          <reporter-output>
          </reporter-output>
        </test-method> <!-- verifyTodosByID -->
        <test-method status="PASS" signature="verifyTodosByID(java.lang.Integer, java.lang.Integer, java.lang.String, java.lang.Boolean)[pri:0, instance:com.amit.testscripts.TC001@5b275dab]" name="verifyTodosByID" duration-ms="1281" started-at="2020-07-30T18:47:43Z" description="Test to verify todos by ID" data-provider="getID" finished-at="2020-07-30T18:47:44Z">
          <params>
            <param index="0">
              <value>
                <![CDATA[10]]>
              </value>
            </param>
            <param index="1">
              <value>
                <![CDATA[185]]>
              </value>
            </param>
            <param index="2">
              <value>
                <![CDATA[voluptates dignissimos sed doloribus animi quaerat aut]]>
              </value>
            </param>
            <param index="3">
              <value>
                <![CDATA[false]]>
              </value>
            </param>
          </params>
          <reporter-output>
          </reporter-output>
        </test-method> <!-- verifyTodosByID -->
        <test-method status="PASS" signature="verifyTodosByID(java.lang.Integer, java.lang.Integer, java.lang.String, java.lang.Boolean)[pri:0, instance:com.amit.testscripts.TC001@5b275dab]" name="verifyTodosByID" duration-ms="953" started-at="2020-07-30T18:47:44Z" description="Test to verify todos by ID" data-provider="getID" finished-at="2020-07-30T18:47:45Z">
          <params>
            <param index="0">
              <value>
                <![CDATA[10]]>
              </value>
            </param>
            <param index="1">
              <value>
                <![CDATA[186]]>
              </value>
            </param>
            <param index="2">
              <value>
                <![CDATA[explicabo odio est et]]>
              </value>
            </param>
            <param index="3">
              <value>
                <![CDATA[false]]>
              </value>
            </param>
          </params>
          <reporter-output>
          </reporter-output>
        </test-method> <!-- verifyTodosByID -->
        <test-method status="PASS" signature="verifyTodosByID(java.lang.Integer, java.lang.Integer, java.lang.String, java.lang.Boolean)[pri:0, instance:com.amit.testscripts.TC001@5b275dab]" name="verifyTodosByID" duration-ms="953" started-at="2020-07-30T18:47:45Z" description="Test to verify todos by ID" data-provider="getID" finished-at="2020-07-30T18:47:46Z">
          <params>
            <param index="0">
              <value>
                <![CDATA[10]]>
              </value>
            </param>
            <param index="1">
              <value>
                <![CDATA[187]]>
              </value>
            </param>
            <param index="2">
              <value>
                <![CDATA[consequuntur animi possimus]]>
              </value>
            </param>
            <param index="3">
              <value>
                <![CDATA[false]]>
              </value>
            </param>
          </params>
          <reporter-output>
          </reporter-output>
        </test-method> <!-- verifyTodosByID -->
        <test-method status="PASS" signature="verifyTodosByID(java.lang.Integer, java.lang.Integer, java.lang.String, java.lang.Boolean)[pri:0, instance:com.amit.testscripts.TC001@5b275dab]" name="verifyTodosByID" duration-ms="953" started-at="2020-07-30T18:47:46Z" description="Test to verify todos by ID" data-provider="getID" finished-at="2020-07-30T18:47:47Z">
          <params>
            <param index="0">
              <value>
                <![CDATA[10]]>
              </value>
            </param>
            <param index="1">
              <value>
                <![CDATA[188]]>
              </value>
            </param>
            <param index="2">
              <value>
                <![CDATA[vel non beatae est]]>
              </value>
            </param>
            <param index="3">
              <value>
                <![CDATA[true]]>
              </value>
            </param>
          </params>
          <reporter-output>
          </reporter-output>
        </test-method> <!-- verifyTodosByID -->
        <test-method status="PASS" signature="verifyTodosByID(java.lang.Integer, java.lang.Integer, java.lang.String, java.lang.Boolean)[pri:0, instance:com.amit.testscripts.TC001@5b275dab]" name="verifyTodosByID" duration-ms="1109" started-at="2020-07-30T18:47:47Z" description="Test to verify todos by ID" data-provider="getID" finished-at="2020-07-30T18:47:48Z">
          <params>
            <param index="0">
              <value>
                <![CDATA[10]]>
              </value>
            </param>
            <param index="1">
              <value>
                <![CDATA[189]]>
              </value>
            </param>
            <param index="2">
              <value>
                <![CDATA[culpa eius et voluptatem et]]>
              </value>
            </param>
            <param index="3">
              <value>
                <![CDATA[true]]>
              </value>
            </param>
          </params>
          <reporter-output>
          </reporter-output>
        </test-method> <!-- verifyTodosByID -->
        <test-method status="PASS" signature="verifyTodosByID(java.lang.Integer, java.lang.Integer, java.lang.String, java.lang.Boolean)[pri:0, instance:com.amit.testscripts.TC001@5b275dab]" name="verifyTodosByID" duration-ms="1140" started-at="2020-07-30T18:47:48Z" description="Test to verify todos by ID" data-provider="getID" finished-at="2020-07-30T18:47:49Z">
          <params>
            <param index="0">
              <value>
                <![CDATA[10]]>
              </value>
            </param>
            <param index="1">
              <value>
                <![CDATA[190]]>
              </value>
            </param>
            <param index="2">
              <value>
                <![CDATA[accusamus sint iusto et voluptatem exercitationem]]>
              </value>
            </param>
            <param index="3">
              <value>
                <![CDATA[true]]>
              </value>
            </param>
          </params>
          <reporter-output>
          </reporter-output>
        </test-method> <!-- verifyTodosByID -->
        <test-method status="PASS" signature="verifyTodosByID(java.lang.Integer, java.lang.Integer, java.lang.String, java.lang.Boolean)[pri:0, instance:com.amit.testscripts.TC001@5b275dab]" name="verifyTodosByID" duration-ms="953" started-at="2020-07-30T18:47:49Z" description="Test to verify todos by ID" data-provider="getID" finished-at="2020-07-30T18:47:50Z">
          <params>
            <param index="0">
              <value>
                <![CDATA[10]]>
              </value>
            </param>
            <param index="1">
              <value>
                <![CDATA[191]]>
              </value>
            </param>
            <param index="2">
              <value>
                <![CDATA[temporibus atque distinctio omnis eius impedit tempore molestias pariatur]]>
              </value>
            </param>
            <param index="3">
              <value>
                <![CDATA[true]]>
              </value>
            </param>
          </params>
          <reporter-output>
          </reporter-output>
        </test-method> <!-- verifyTodosByID -->
        <test-method status="PASS" signature="verifyTodosByID(java.lang.Integer, java.lang.Integer, java.lang.String, java.lang.Boolean)[pri:0, instance:com.amit.testscripts.TC001@5b275dab]" name="verifyTodosByID" duration-ms="1281" started-at="2020-07-30T18:47:50Z" description="Test to verify todos by ID" data-provider="getID" finished-at="2020-07-30T18:47:51Z">
          <params>
            <param index="0">
              <value>
                <![CDATA[10]]>
              </value>
            </param>
            <param index="1">
              <value>
                <![CDATA[192]]>
              </value>
            </param>
            <param index="2">
              <value>
                <![CDATA[ut quas possimus exercitationem sint voluptates]]>
              </value>
            </param>
            <param index="3">
              <value>
                <![CDATA[false]]>
              </value>
            </param>
          </params>
          <reporter-output>
          </reporter-output>
        </test-method> <!-- verifyTodosByID -->
        <test-method status="PASS" signature="verifyTodosByID(java.lang.Integer, java.lang.Integer, java.lang.String, java.lang.Boolean)[pri:0, instance:com.amit.testscripts.TC001@5b275dab]" name="verifyTodosByID" duration-ms="968" started-at="2020-07-30T18:47:51Z" description="Test to verify todos by ID" data-provider="getID" finished-at="2020-07-30T18:47:52Z">
          <params>
            <param index="0">
              <value>
                <![CDATA[10]]>
              </value>
            </param>
            <param index="1">
              <value>
                <![CDATA[193]]>
              </value>
            </param>
            <param index="2">
              <value>
                <![CDATA[rerum debitis voluptatem qui eveniet tempora distinctio a]]>
              </value>
            </param>
            <param index="3">
              <value>
                <![CDATA[true]]>
              </value>
            </param>
          </params>
          <reporter-output>
          </reporter-output>
        </test-method> <!-- verifyTodosByID -->
        <test-method status="PASS" signature="verifyTodosByID(java.lang.Integer, java.lang.Integer, java.lang.String, java.lang.Boolean)[pri:0, instance:com.amit.testscripts.TC001@5b275dab]" name="verifyTodosByID" duration-ms="1281" started-at="2020-07-30T18:47:52Z" description="Test to verify todos by ID" data-provider="getID" finished-at="2020-07-30T18:47:54Z">
          <params>
            <param index="0">
              <value>
                <![CDATA[10]]>
              </value>
            </param>
            <param index="1">
              <value>
                <![CDATA[194]]>
              </value>
            </param>
            <param index="2">
              <value>
                <![CDATA[sed ut vero sit molestiae]]>
              </value>
            </param>
            <param index="3">
              <value>
                <![CDATA[false]]>
              </value>
            </param>
          </params>
          <reporter-output>
          </reporter-output>
        </test-method> <!-- verifyTodosByID -->
        <test-method status="PASS" signature="verifyTodosByID(java.lang.Integer, java.lang.Integer, java.lang.String, java.lang.Boolean)[pri:0, instance:com.amit.testscripts.TC001@5b275dab]" name="verifyTodosByID" duration-ms="953" started-at="2020-07-30T18:47:54Z" description="Test to verify todos by ID" data-provider="getID" finished-at="2020-07-30T18:47:55Z">
          <params>
            <param index="0">
              <value>
                <![CDATA[10]]>
              </value>
            </param>
            <param index="1">
              <value>
                <![CDATA[195]]>
              </value>
            </param>
            <param index="2">
              <value>
                <![CDATA[rerum ex veniam mollitia voluptatibus pariatur]]>
              </value>
            </param>
            <param index="3">
              <value>
                <![CDATA[true]]>
              </value>
            </param>
          </params>
          <reporter-output>
          </reporter-output>
        </test-method> <!-- verifyTodosByID -->
        <test-method status="PASS" signature="verifyTodosByID(java.lang.Integer, java.lang.Integer, java.lang.String, java.lang.Boolean)[pri:0, instance:com.amit.testscripts.TC001@5b275dab]" name="verifyTodosByID" duration-ms="1297" started-at="2020-07-30T18:47:55Z" description="Test to verify todos by ID" data-provider="getID" finished-at="2020-07-30T18:47:56Z">
          <params>
            <param index="0">
              <value>
                <![CDATA[10]]>
              </value>
            </param>
            <param index="1">
              <value>
                <![CDATA[196]]>
              </value>
            </param>
            <param index="2">
              <value>
                <![CDATA[consequuntur aut ut fugit similique]]>
              </value>
            </param>
            <param index="3">
              <value>
                <![CDATA[true]]>
              </value>
            </param>
          </params>
          <reporter-output>
          </reporter-output>
        </test-method> <!-- verifyTodosByID -->
        <test-method status="PASS" signature="verifyTodosByID(java.lang.Integer, java.lang.Integer, java.lang.String, java.lang.Boolean)[pri:0, instance:com.amit.testscripts.TC001@5b275dab]" name="verifyTodosByID" duration-ms="937" started-at="2020-07-30T18:47:56Z" description="Test to verify todos by ID" data-provider="getID" finished-at="2020-07-30T18:47:57Z">
          <params>
            <param index="0">
              <value>
                <![CDATA[10]]>
              </value>
            </param>
            <param index="1">
              <value>
                <![CDATA[197]]>
              </value>
            </param>
            <param index="2">
              <value>
                <![CDATA[dignissimos quo nobis earum saepe]]>
              </value>
            </param>
            <param index="3">
              <value>
                <![CDATA[true]]>
              </value>
            </param>
          </params>
          <reporter-output>
          </reporter-output>
        </test-method> <!-- verifyTodosByID -->
        <test-method status="PASS" signature="verifyTodosByID(java.lang.Integer, java.lang.Integer, java.lang.String, java.lang.Boolean)[pri:0, instance:com.amit.testscripts.TC001@5b275dab]" name="verifyTodosByID" duration-ms="1281" started-at="2020-07-30T18:47:57Z" description="Test to verify todos by ID" data-provider="getID" finished-at="2020-07-30T18:47:58Z">
          <params>
            <param index="0">
              <value>
                <![CDATA[10]]>
              </value>
            </param>
            <param index="1">
              <value>
                <![CDATA[198]]>
              </value>
            </param>
            <param index="2">
              <value>
                <![CDATA[quis eius est sint explicabo]]>
              </value>
            </param>
            <param index="3">
              <value>
                <![CDATA[true]]>
              </value>
            </param>
          </params>
          <reporter-output>
          </reporter-output>
        </test-method> <!-- verifyTodosByID -->
        <test-method status="PASS" signature="verifyTodosByID(java.lang.Integer, java.lang.Integer, java.lang.String, java.lang.Boolean)[pri:0, instance:com.amit.testscripts.TC001@5b275dab]" name="verifyTodosByID" duration-ms="969" started-at="2020-07-30T18:47:58Z" description="Test to verify todos by ID" data-provider="getID" finished-at="2020-07-30T18:47:59Z">
          <params>
            <param index="0">
              <value>
                <![CDATA[10]]>
              </value>
            </param>
            <param index="1">
              <value>
                <![CDATA[199]]>
              </value>
            </param>
            <param index="2">
              <value>
                <![CDATA[numquam repellendus a magnam]]>
              </value>
            </param>
            <param index="3">
              <value>
                <![CDATA[true]]>
              </value>
            </param>
          </params>
          <reporter-output>
          </reporter-output>
        </test-method> <!-- verifyTodosByID -->
        <test-method status="PASS" signature="verifyTodosByID(java.lang.Integer, java.lang.Integer, java.lang.String, java.lang.Boolean)[pri:0, instance:com.amit.testscripts.TC001@5b275dab]" name="verifyTodosByID" duration-ms="859" started-at="2020-07-30T18:47:59Z" description="Test to verify todos by ID" data-provider="getID" finished-at="2020-07-30T18:48:00Z">
          <params>
            <param index="0">
              <value>
                <![CDATA[10]]>
              </value>
            </param>
            <param index="1">
              <value>
                <![CDATA[200]]>
              </value>
            </param>
            <param index="2">
              <value>
                <![CDATA[ipsam aperiam voluptates qui]]>
              </value>
            </param>
            <param index="3">
              <value>
                <![CDATA[false]]>
              </value>
            </param>
          </params>
          <reporter-output>
          </reporter-output>
        </test-method> <!-- verifyTodosByID -->
      </class> <!-- com.amit.testscripts.TC001 -->
    </test> <!-- Default test -->
  </suite> <!-- Default suite -->
</testng-results>
