<?xml version="1.0" encoding="UTF-8"?>
<!-- Generated by org.testng.reporters.JUnitXMLReporter -->
<testsuite hostname="DESKTOP-D8C95I2" ignored="0" name="Default test" tests="1" failures="1" timestamp="13 Sep 2020 07:29:54 GMT" time="17.522" errors="0">
  <testcase name="loginAuthentication" time="17.023" classname="com.amit.testscripts.TC003">
    <failure type="java.lang.StackOverflowError">
      <![CDATA[java.lang.StackOverflowErrorat java.lang.Class.searchMethods(Class.java:3003)at java.lang.Class.privateGetMethodRecursive(Class.java:3048)at java.lang.Class.getMethod0(Class.java:3018)at java.lang.Class.getMethod(Class.java:1784)at org.json.JSONObject.getAnnotationDepth(JSONObject.java:1667)at org.json.JSONObject.getKeyNameFromMethod(JSONObject.java:1530)at org.json.JSONObject.populateMap(JSONObject.java:1500)at org.json.JSONObject.<init>(JSONObject.java:364)at org.json.JSONObject.wrap(JSONObject.java:2400)at org.json.JSONArray.<init>(JSONArray.java:200)at org.json.JSONObject.wrap(JSONObject.java:2386)at org.json.JSONObject.populateMap(JSONObject.java:1505)at org.json.JSONObject.<init>(JSONObject.java:364)at org.json.JSONObject.wrap(JSONObject.java:2400)at org.json.JSONObject.populateMap(JSONObject.java:1505)at org.json.JSONObject.<init>(JSONObject.java:364)at org.json.JSONObject.wrap(JSONObject.java:2400)at org.json.JSONArray.<init>(JSONArray.java:200)at org.json.JSONObject.wrap(JSONObject.java:2386)at org.json.JSONObject.populateMap(JSONObject.java:1505)at org.json.JSONObject.<init>(JSONObject.java:364)at org.json.JSONObject.wrap(JSONObject.java:2400)at org.json.JSONObject.populateMap(JSONObject.java:1505)at org.json.JSONObject.<init>(JSONObject.java:364)at org.json.JSONObject.wrap(JSONObject.java:2400)at org.json.JSONArray.<init>(JSONArray.java:200)at org.json.JSONObject.wrap(JSONObject.java:2386)at org.json.JSONObject.populateMap(JSONObject.java:1505)at org.json.JSONObject.<init>(JSONObject.java:364)at org.json.JSONObject.wrap(JSONObject.java:2400)at org.json.JSONObject.populateMap(JSONObject.java:1505)at org.json.JSONObject.<init>(JSONObject.java:364)at org.json.JSONObject.wrap(JSONObject.java:2400)at org.json.JSONArray.<init>(JSONArray.java:200)at org.json.JSONObject.wrap(JSONObject.java:2386)at org.json.JSONObject.populateMap(JSONObject.java:1505)at org.json.JSONObject.<init>(JSONObject.java:364)at org.json.JSONObject.wrap(JSONObject.java:2400)at org.json.JSONObject.populateMap(JSONObject.java:1505)at org.json.JSONObject.<init>(JSONObject.java:364)at org.json.JSONObject.wrap(JSONObject.java:2400)at org.json.JSONArray.<init>(JSONArray.java:200)at org.json.JSONObject.wrap(JSONObject.java:2386)at org.json.JSONObject.populateMap(JSONObject.java:1505)at org.json.JSONObject.<init>(JSONObject.java:364)at org.json.JSONObject.wrap(JSONObject.java:2400)at org.json.JSONObject.populateMap(JSONObject.java:1505)at org.json.JSONObject.<init>(JSONObject.java:364)at org.json.JSONObject.wrap(JSONObject.java:2400)at org.json.JSONArray.<init>(JSONArray.java:200)at org.json.JSONObject.wrap(JSONObject.java:2386)at org.json.JSONObject.populateMap(JSONObject.java:1505)at org.json.JSONObject.<init>(JSONObject.java:364)at org.json.JSONObject.wrap(JSONObject.java:2400)at org.json.JSONObject.populateMap(JSONObject.java:1505)at org.json.JSONObject.<init>(JSONObject.java:364)at org.json.JSONObject.wrap(JSONObject.java:2400)at org.json.JSONArray.<init>(JSONArray.java:200)at org.json.JSONObject.wrap(JSONObject.java:2386)at org.json.JSONObject.populateMap(JSONObject.java:1505)at org.json.JSONObject.<init>(JSONObject.java:364)at org.json.JSONObject.wrap(JSONObject.java:2400)at org.json.JSONObject.populateMap(JSONObject.java:1505)at org.json.JSONObject.<init>(JSONObject.java:364)at org.json.JSONObject.wrap(JSONObject.java:2400)at org.json.JSONArray.<init>(JSONArray.java:200)at org.json.JSONObject.wrap(JSONObject.java:2386)at org.json.JSONObject.populateMap(JSONObject.java:1505)at org.json.JSONObject.<init>(JSONObject.java:364)at org.json.JSONObject.wrap(JSONObject.java:2400)at org.json.JSONObject.populateMap(JSONObject.java:1505)at org.json.JSONObject.<init>(JSONObject.java:364)at org.json.JSONObject.wrap(JSONObject.java:2400)at org.json.JSONArray.<init>(JSONArray.java:200)at org.json.JSONObject.wrap(JSONObject.java:2386)at org.json.JSONObject.populateMap(JSONObject.java:1505)at org.json.JSONObject.<init>(JSONObject.java:364)at org.json.JSONObject.wrap(JSONObject.java:2400)at org.json.JSONObject.populateMap(JSONObject.java:1505)at org.json.JSONObject.<init>(JSONObject.java:364)at org.json.JSONObject.wrap(JSONObject.java:2400)at org.json.JSONArray.<init>(JSONArray.java:200)at org.json.JSONObject.wrap(JSONObject.java:2386)at org.json.JSONObject.populateMap(JSONObject.java:1505)at org.json.JSONObject.<init>(JSONObject.java:364)at org.json.JSONObject.wrap(JSONObject.java:2400)at org.json.JSONObject.populateMap(JSONObject.java:1505)at org.json.JSONObject.<init>(JSONObject.java:364)at org.json.JSONObject.wrap(JSONObject.java:2400)at org.json.JSONArray.<init>(JSONArray.java:200)at org.json.JSONObject.wrap(JSONObject.java:2386)at org.json.JSONObject.populateMap(JSONObject.java:1505)at org.json.JSONObject.<init>(JSONObject.java:364)at org.json.JSONObject.wrap(JSONObject.java:2400)at org.json.JSONObject.populateMap(JSONObject.java:1505)at org.json.JSONObject.<init>(JSONObject.java:364)at org.json.JSONObject.wrap(JSONObject.java:2400)at org.json.JSONArray.<init>(JSONArray.java:200)at org.json.JSONObject.wrap(JSONObject.java:2386)at org.json.JSONObject.populateMap(JSONObject.java:1505)at org.json.JSONObject.<init>(JSONObject.java:364)at org.json.JSONObject.wrap(JSONObject.java:2400)at org.json.JSONObject.populateMap(JSONObject.java:1505)at org.json.JSONObject.<init>(JSONObject.java:364)at org.json.JSONObject.wrap(JSONObject.java:2400)at org.json.JSONArray.<init>(JSONArray.java:200)at org.json.JSONObject.wrap(JSONObject.java:2386)at org.json.JSONObject.populateMap(JSONObject.java:1505)at org.json.JSONObject.<init>(JSONObject.java:364)at org.json.JSONObject.wrap(JSONObject.java:2400)at org.json.JSONObject.populateMap(JSONObject.java:1505)at org.json.JSONObject.<init>(JSONObject.java:364)at org.json.JSONObject.wrap(JSONObject.java:2400)at org.json.JSONArray.<init>(JSONArray.java:200)at org.json.JSONObject.wrap(JSONObject.java:2386)at org.json.JSONObject.populateMap(JSONObject.java:1505)at org.json.JSONObject.<init>(JSONObject.java:364)at org.json.JSONObject.wrap(JSONObject.java:2400)at org.json.JSONObject.populateMap(JSONObject.java:1505)at org.json.JSONObject.<init>(JSONObject.java:364)at org.json.JSONObject.wrap(JSONObject.java:2400)at org.json.JSONArray.<init>(JSONArray.java:200)at org.json.JSONObject.wrap(JSONObject.java:2386)at org.json.JSONObject.populateMap(JSONObject.java:1505)at org.json.JSONObject.<init>(JSONObject.java:364)at org.json.JSONObject.wrap(JSONObject.java:2400)at org.json.JSONObject.populateMap(JSONObject.java:1505)at org.json.JSONObject.<init>(JSONObject.java:364)at org.json.JSONObject.wrap(JSONObject.java:2400)at org.json.JSONArray.<init>(JSONArray.java:200)at org.json.JSONObject.wrap(JSONObject.java:2386)at org.json.JSONObject.populateMap(JSONObject.java:1505)at org.json.JSONObject.<init>(JSONObject.java:364)at org.json.JSONObject.wrap(JSONObject.java:2400)at org.json.JSONObject.populateMap(JSONObject.java:1505)at org.json.JSONObject.<init>(JSONObject.java:364)at org.json.JSONObject.wrap(JSONObject.java:2400)at org.json.JSONArray.<init>(JSONArray.java:200)at org.json.JSONObject.wrap(JSONObject.java:2386)at org.json.JSONObject.populateMap(JSONObject.java:1505)at org.json.JSONObject.<init>(JSONObject.java:364)at org.json.JSONObject.wrap(JSONObject.java:2400)at org.json.JSONObject.populateMap(JSONObject.java:1505)at org.json.JSONObject.<init>(JSONObject.java:364)at org.json.JSONObject.wrap(JSONObject.java:2400)at org.json.JSONArray.<init>(JSONArray.java:200)at org.json.JSONObject.wrap(JSONObject.java:2386)at org.json.JSONObject.populateMap(JSONObject.java:1505)at org.json.JSONObject.<init>(JSONObject.java:364)at org.json.JSONObject.wrap(JSONObject.java:2400)at org.json.JSONObject.populateMap(JSONObject.java:1505)at org.json.JSONObject.<init>(JSONObject.java:364)at org.json.JSONObject.wrap(JSONObject.java:2400)at org.json.JSONArray.<init>(JSONArray.java:200)at org.json.JSONObject.wrap(JSONObject.java:2386)at org.json.JSONObject.populateMap(JSONObject.java:1505)at org.json.JSONObject.<init>(JSONObject.java:364)at org.json.JSONObject.wrap(JSONObject.java:2400)at org.json.JSONObject.populateMap(JSONObject.java:1505)at org.json.JSONObject.<init>(JSONObject.java:364)at org.json.JSONObject.wrap(JSONObject.java:2400)at org.json.JSONArray.<init>(JSONArray.java:200)at org.json.JSONObject.wrap(JSONObject.java:2386)at org.json.JSONObject.populateMap(JSONObject.java:1505)at org.json.JSONObject.<init>(JSONObject.java:364)at org.json.JSONObject.wrap(JSONObject.java:2400)at org.json.JSONObject.populateMap(JSONObject.java:1505)at org.json.JSONObject.<init>(JSONObject.java:364)at org.json.JSONObject.wrap(JSONObject.java:2400)at org.json.JSONArray.<init>(JSONArray.java:200)at org.json.JSONObject.wrap(JSONObject.java:2386)at org.json.JSONObject.populateMap(JSONObject.java:1505)at org.json.JSONObject.<init>(JSONObject.java:364)at org.json.JSONObject.wrap(JSONObject.java:2400)at org.json.JSONObject.populateMap(JSONObject.java:1505)at org.json.JSONObject.<init>(JSONObject.java:364)at org.json.JSONObject.wrap(JSONObject.java:2400)at org.json.JSONArray.<init>(JSONArray.java:200)at org.json.JSONObject.wrap(JSONObject.java:2386)at org.json.JSONObject.populateMap(JSONObject.java:1505)at org.json.JSONObject.<init>(JSONObject.java:364)at org.json.JSONObject.wrap(JSONObject.java:2400)at org.json.JSONObject.populateMap(JSONObject.java:1505)at org.json.JSONObject.<init>(JSONObject.java:364)at org.json.JSONObject.wrap(JSONObject.java:2400)at org.json.JSONArray.<init>(JSONArray.java:200)at org.json.JSONObject.wrap(JSONObject.java:2386)at org.json.JSONObject.populateMap(JSONObject.java:1505)at org.json.JSONObject.<init>(JSONObject.java:364)at org.json.JSONObject.wrap(JSONObject.java:2400)at org.json.JSONObject.populateMap(JSONObject.java:1505)at org.json.JSONObject.<init>(JSONObject.java:364)at org.json.JSONObject.wrap(JSONObject.java:2400)at org.json.JSONArray.<init>(JSONArray.java:200)at org.json.JSONObject.wrap(JSONObject.java:2386)at org.json.JSONObject.populateMap(JSONObject.java:1505)at org.json.JSONObject.<init>(JSONObject.java:364)at org.json.JSONObject.wrap(JSONObject.java:2400)at org.json.JSONObject.populateMap(JSONObject.java:1505)at org.json.JSONObject.<init>(JSONObject.java:364)at org.json.JSONObject.wrap(JSONObject.java:2400)at org.json.JSONArray.<init>(JSONArray.java:200)at org.json.JSONObject.wrap(JSONObject.java:2386)at org.json.JSONObject.populateMap(JSONObject.java:1505)at org.json.JSONObject.<init>(JSONObject.java:364)at org.json.JSONObject.wrap(JSONObject.java:2400)at org.json.JSONObject.populateMap(JSONObject.java:1505)at org.json.JSONObject.<init>(JSONObject.java:364)at org.json.JSONObject.wrap(JSONObject.java:2400)at org.json.JSONArray.<init>(JSONArray.java:200)at org.json.JSONObject.wrap(JSONObject.java:2386)at org.json.JSONObject.populateMap(JSONObject.java:1505)at org.json.JSONObject.<init>(JSONObject.java:364)at org.json.JSONObject.wrap(JSONObject.java:2400)at org.json.JSONObject.populateMap(JSONObject.java:1505)at org.json.JSONObject.<init>(JSONObject.java:364)at org.json.JSONObject.wrap(JSONObject.java:2400)at org.json.JSONArray.<init>(JSONArray.java:200)at org.json.JSONObject.wrap(JSONObject.java:2386)at org.json.JSONObject.populateMap(JSONObject.java:1505)at org.json.JSONObject.<init>(JSONObject.java:364)at org.json.JSONObject.wrap(JSONObject.java:2400)at org.json.JSONObject.populateMap(JSONObject.java:1505)at org.json.JSONObject.<init>(JSONObject.java:364)at org.json.JSONObject.wrap(JSONObject.java:2400)at org.json.JSONArray.<init>(JSONArray.java:200)at org.json.JSONObject.wrap(JSONObject.java:2386)at org.json.JSONObject.populateMap(JSONObject.java:1505)at org.json.JSONObject.<init>(JSONObject.java:364)at org.json.JSONObject.wrap(JSONObject.java:2400)at org.json.JSONObject.populateMap(JSONObject.java:1505)at org.json.JSONObject.<init>(JSONObject.java:364)at org.json.JSONObject.wrap(JSONObject.java:2400)at org.json.JSONArray.<init>(JSONArray.java:200)at org.json.JSONObject.wrap(JSONObject.java:2386)at org.json.JSONObject.populateMap(JSONObject.java:1505)at org.json.JSONObject.<init>(JSONObject.java:364)at org.json.JSONObject.wrap(JSONObject.java:2400)at org.json.JSONObject.populateMap(JSONObject.java:1505)at org.json.JSONObject.<init>(JSONObject.java:364)at org.json.JSONObject.wrap(JSONObject.java:2400)at org.json.JSONArray.<init>(JSONArray.java:200)at org.json.JSONObject.wrap(JSONObject.java:2386)at org.json.JSONObject.populateMap(JSONObject.java:1505)at org.json.JSONObject.<init>(JSONObject.java:364)at org.json.JSONObject.wrap(JSONObject.java:2400)at org.json.JSONObject.populateMap(JSONObject.java:1505)at org.json.JSONObject.<init>(JSONObject.java:364)at org.json.JSONObject.wrap(JSONObject.java:2400)at org.json.JSONArray.<init>(JSONArray.java:200)at org.json.JSONObject.wrap(JSONObject.java:2386)at org.json.JSONObject.populateMap(JSONObject.java:1505)at org.json.JSONObject.<init>(JSONObject.java:364)at org.json.JSONObject.wrap(JSONObject.java:2400)at org.json.JSONObject.populateMap(JSONObject.java:1505)at org.json.JSONObject.<init>(JSONObject.java:364)at org.json.JSONObject.wrap(JSONObject.java:2400)at org.json.JSONArray.<init>(JSONArray.java:200)at org.json.JSONObject.wrap(JSONObject.java:2386)at org.json.JSONObject.populateMap(JSONObject.java:1505)at org.json.JSONObject.<init>(JSONObject.java:364)at org.json.JSONObject.wrap(JSONObject.java:2400)at org.json.JSONObject.populateMap(JSONObject.java:1505)at org.json.JSONObject.<init>(JSONObject.java:364)at org.json.JSONObject.wrap(JSONObject.java:2400)at org.json.JSONArray.<init>(JSONArray.java:200)at org.json.JSONObject.wrap(JSONObject.java:2386)at org.json.JSONObject.populateMap(JSONObject.java:1505)at org.json.JSONObject.<init>(JSONObject.java:364)at org.json.JSONObject.wrap(JSONObject.java:2400)at org.json.JSONObject.populateMap(JSONObject.java:1505)at org.json.JSONObject.<init>(JSONObject.java:364)at org.json.JSONObject.wrap(JSONObject.java:2400)at org.json.JSONArray.<init>(JSONArray.java:200)at org.json.JSONObject.wrap(JSONObject.java:2386)at org.json.JSONObject.populateMap(JSONObject.java:1505)at org.json.JSONObject.<init>(JSONObject.java:364)at org.json.JSONObject.wrap(JSONObject.java:2400)at org.json.JSONObject.populateMap(JSONObject.java:1505)at org.json.JSONObject.<init>(JSONObject.java:364)at org.json.JSONObject.wrap(JSONObject.java:2400)at org.json.JSONArray.<init>(JSONArray.java:200)at org.json.JSONObject.wrap(JSONObject.java:2386)at org.json.JSONObject.populateMap(JSONObject.java:1505)at org.json.JSONObject.<init>(JSONObject.java:364)at org.json.JSONObject.wrap(JSONObject.java:2400)at org.json.JSONObject.populateMap(JSONObject.java:1505)at org.json.JSONObject.<init>(JSONObject.java:364)at org.json.JSONObject.wrap(JSONObject.java:2400)at org.json.JSONArray.<init>(JSONArray.java:200)at org.json.JSONObject.wrap(JSONObject.java:2386)at org.json.JSONObject.populateMap(JSONObject.java:1505)at org.json.JSONObject.<init>(JSONObject.java:364)at org.json.JSONObject.wrap(JSONObject.java:2400)at org.json.JSONObject.populateMap(JSONObject.java:1505)at org.json.JSONObject.<init>(JSONObject.java:364)at org.json.JSONObject.wrap(JSONObject.java:2400)at org.json.JSONArray.<init>(JSONArray.java:200)at org.json.JSONObject.wrap(JSONObject.java:2386)at org.json.JSONObject.populateMap(JSONObject.java:1505)at org.json.JSONObject.<init>(JSONObject.java:364)at org.json.JSONObject.wrap(JSONObject.java:2400)at org.json.JSONObject.populateMap(JSONObject.java:1505)at org.json.JSONObject.<init>(JSONObject.java:364)at org.json.JSONObject.wrap(JSONObject.java:2400)at org.json.JSONArray.<init>(JSONArray.java:200)at org.json.JSONObject.wrap(JSONObject.java:2386)at org.json.JSONObject.populateMap(JSONObject.java:1505)at org.json.JSONObject.<init>(JSONObject.java:364)at org.json.JSONObject.wrap(JSONObject.java:2400)at org.json.JSONObject.populateMap(JSONObject.java:1505)at org.json.JSONObject.<init>(JSONObject.java:364)at org.json.JSONObject.wrap(JSONObject.java:2400)at org.json.JSONArray.<init>(JSONArray.java:200)at org.json.JSONObject.wrap(JSONObject.java:2386)at org.json.JSONObject.populateMap(JSONObject.java:1505)at org.json.JSONObject.<init>(JSONObject.java:364)at org.json.JSONObject.wrap(JSONObject.java:2400)at org.json.JSONObject.populateMap(JSONObject.java:1505)at org.json.JSONObject.<init>(JSONObject.java:364)at org.json.JSONObject.wrap(JSONObject.java:2400)at org.json.JSONArray.<init>(JSONArray.java:200)at org.json.JSONObject.wrap(JSONObject.java:2386)at org.json.JSONObject.populateMap(JSONObject.java:1505)at org.json.JSONObject.<init>(JSONObject.java:364)at org.json.JSONObject.wrap(JSONObject.java:2400)at org.json.JSONObject.populateMap(JSONObject.java:1505)at org.json.JSONObject.<init>(JSONObject.java:364)at org.json.JSONObject.wrap(JSONObject.java:2400)at org.json.JSONArray.<init>(JSONArray.java:200)at org.json.JSONObject.wrap(JSONObject.java:2386)at org.json.JSONObject.populateMap(JSONObject.java:1505)at org.json.JSONObject.<init>(JSONObject.java:364)at org.json.JSONObject.wrap(JSONObject.java:2400)at org.json.JSONObject.populateMap(JSONObject.java:1505)at org.json.JSONObject.<init>(JSONObject.java:364)at org.json.JSONObject.wrap(JSONObject.java:2400)at org.json.JSONArray.<init>(JSONArray.java:200)at org.json.JSONObject.wrap(JSONObject.java:2386)at org.json.JSONObject.populateMap(JSONObject.java:1505)at org.json.JSONObject.<init>(JSONObject.java:364)at org.json.JSONObject.wrap(JSONObject.java:2400)at org.json.JSONObject.populateMap(JSONObject.java:1505)at org.json.JSONObject.<init>(JSONObject.java:364)at org.json.JSONObject.wrap(JSONObject.java:2400)at org.json.JSONArray.<init>(JSONArray.java:200)at org.json.JSONObject.wrap(JSONObject.java:2386)at org.json.JSONObject.populateMap(JSONObject.java:1505)at org.json.JSONObject.<init>(JSONObject.java:364)at org.json.JSONObject.wrap(JSONObject.java:2400)at org.json.JSONObject.populateMap(JSONObject.java:1505)at org.json.JSONObject.<init>(JSONObject.java:364)at org.json.JSONObject.wrap(JSONObject.java:2400)at org.json.JSONArray.<init>(JSONArray.java:200)at org.json.JSONObject.wrap(JSONObject.java:2386)at org.json.JSONObject.populateMap(JSONObject.java:1505)at org.json.JSONObject.<init>(JSONObject.java:364)at org.json.JSONObject.wrap(JSONObject.java:2400)at org.json.JSONObject.populateMap(JSONObject.java:1505)at org.json.JSONObject.<init>(JSONObject.java:364)at org.json.JSONObject.wrap(JSONObject.java:2400)at org.json.JSONArray.<init>(JSONArray.java:200)at org.json.JSONObject.wrap(JSONObject.java:2386)at org.json.JSONObject.populateMap(JSONObject.java:1505)at org.json.JSONObject.<init>(JSONObject.java:364)at org.json.JSONObject.wrap(JSONObject.java:2400)at org.json.JSONObject.populateMap(JSONObject.java:1505)at org.json.JSONObject.<init>(JSONObject.java:364)at org.json.JSONObject.wrap(JSONObject.java:2400)at org.json.JSONArray.<init>(JSONArray.java:200)at org.json.JSONObject.wrap(JSONObject.java:2386)at org.json.JSONObject.populateMap(JSONObject.java:1505)at org.json.JSONObject.<init>(JSONObject.java:364)at org.json.JSONObject.wrap(JSONObject.java:2400)at org.json.JSONObject.populateMap(JSONObject.java:1505)at org.json.JSONObject.<init>(JSONObject.java:364)at org.json.JSONObject.wrap(JSONObject.java:2400)at org.json.JSONArray.<init>(JSONArray.java:200)at org.json.JSONObject.wrap(JSONObject.java:2386)at org.json.JSONObject.populateMap(JSONObject.java:1505)at org.json.JSONObject.<init>(JSONObject.java:364)at org.json.JSONObject.wrap(JSONObject.java:2400)at org.json.JSONObject.populateMap(JSONObject.java:1505)at org.json.JSONObject.<init>(JSONObject.java:364)at org.json.JSONObject.wrap(JSONObject.java:2400)at org.json.JSONArray.<init>(JSONArray.java:200)at org.json.JSONObject.wrap(JSONObject.java:2386)at org.json.JSONObject.populateMap(JSONObject.java:1505)at org.json.JSONObject.<init>(JSONObject.java:364)at org.json.JSONObject.wrap(JSONObject.java:2400)at org.json.JSONObject.populateMap(JSONObject.java:1505)at org.json.JSONObject.<init>(JSONObject.java:364)at org.json.JSONObject.wrap(JSONObject.java:2400)at org.json.JSONArray.<init>(JSONArray.java:200)at org.json.JSONObject.wrap(JSONObject.java:2386)at org.json.JSONObject.populateMap(JSONObject.java:1505)at org.json.JSONObject.<init>(JSONObject.java:364)at org.json.JSONObject.wrap(JSONObject.java:2400)at org.json.JSONObject.populateMap(JSONObject.java:1505)at org.json.JSONObject.<init>(JSONObject.java:364)at org.json.JSONObject.wrap(JSONObject.java:2400)at org.json.JSONArray.<init>(JSONArray.java:200)at org.json.JSONObject.wrap(JSONObject.java:2386)at org.json.JSONObject.populateMap(JSONObject.java:1505)at org.json.JSONObject.<init>(JSONObject.java:364)at org.json.JSONObject.wrap(JSONObject.java:2400)at org.json.JSONObject.populateMap(JSONObject.java:1505)at org.json.JSONObject.<init>(JSONObject.java:364)at org.json.JSONObject.wrap(JSONObject.java:2400)at org.json.JSONArray.<init>(JSONArray.java:200)at org.json.JSONObject.wrap(JSONObject.java:2386)at org.json.JSONObject.populateMap(JSONObject.java:1505)at org.json.JSONObject.<init>(JSONObject.java:364)at org.json.JSONObject.wrap(JSONObject.java:2400)at org.json.JSONObject.populateMap(JSONObject.java:1505)at org.json.JSONObject.<init>(JSONObject.java:364)at org.json.JSONObject.wrap(JSONObject.java:2400)at org.json.JSONArray.<init>(JSONArray.java:200)at org.json.JSONObject.wrap(JSONObject.java:2386)at org.json.JSONObject.populateMap(JSONObject.java:1505)at org.json.JSONObject.<init>(JSONObject.java:364)at org.json.JSONObject.wrap(JSONObject.java:2400)at org.json.JSONObject.populateMap(JSONObject.java:1505)at org.json.JSONObject.<init>(JSONObject.java:364)at org.json.JSONObject.wrap(JSONObject.java:2400)at org.json.JSONArray.<init>(JSONArray.java:200)at org.json.JSONObject.wrap(JSONObject.java:2386)at org.json.JSONObject.populateMap(JSONObject.java:1505)at org.json.JSONObject.<init>(JSONObject.java:364)at org.json.JSONObject.wrap(JSONObject.java:2400)at org.json.JSONObject.populateMap(JSONObject.java:1505)at org.json.JSONObject.<init>(JSONObject.java:364)at org.json.JSONObject.wrap(JSONObject.java:2400)at org.json.JSONArray.<init>(JSONArray.java:200)at org.json.JSONObject.wrap(JSONObject.java:2386)at org.json.JSONObject.populateMap(JSONObject.java:1505)at org.json.JSONObject.<init>(JSONObject.java:364)at org.json.JSONObject.wrap(JSONObject.java:2400)at org.json.JSONObject.populateMap(JSONObject.java:1505)at org.json.JSONObject.<init>(JSONObject.java:364)at org.json.JSONObject.wrap(JSONObject.java:2400)at org.json.JSONArray.<init>(JSONArray.java:200)at org.json.JSONObject.wrap(JSONObject.java:2386)at org.json.JSONObject.populateMap(JSONObject.java:1505)at org.json.JSONObject.<init>(JSONObject.java:364)at org.json.JSONObject.wrap(JSONObject.java:2400)at org.json.JSONObject.populateMap(JSONObject.java:1505)at org.json.JSONObject.<init>(JSONObject.java:364)at org.json.JSONObject.wrap(JSONObject.java:2400)at org.json.JSONArray.<init>(JSONArray.java:200)at org.json.JSONObject.wrap(JSONObject.java:2386)at org.json.JSONObject.populateMap(JSONObject.java:1505)at org.json.JSONObject.<init>(JSONObject.java:364)at org.json.JSONObject.wrap(JSONObject.java:2400)at org.json.JSONObject.populateMap(JSONObject.java:1505)at org.json.JSONObject.<init>(JSONObject.java:364)at org.json.JSONObject.wrap(JSONObject.java:2400)at org.json.JSONArray.<init>(JSONArray.java:200)at org.json.JSONObject.wrap(JSONObject.java:2386)at org.json.JSONObject.populateMap(JSONObject.java:1505)at org.json.JSONObject.<init>(JSONObject.java:364)at org.json.JSONObject.wrap(JSONObject.java:2400)at org.json.JSONObject.populateMap(JSONObject.java:1505)at org.json.JSONObject.<init>(JSONObject.java:364)at org.json.JSONObject.wrap(JSONObject.java:2400)at org.json.JSONArray.<init>(JSONArray.java:200)at org.json.JSONObject.wrap(JSONObject.java:2386)at org.json.JSONObject.populateMap(JSONObject.java:1505)at org.json.JSONObject.<init>(JSONObject.java:364)at org.json.JSONObject.wrap(JSONObject.java:2400)at org.json.JSONObject.populateMap(JSONObject.java:1505)at org.json.JSONObject.<init>(JSONObject.java:364)at org.json.JSONObject.wrap(JSONObject.java:2400)at org.json.JSONArray.<init>(JSONArray.java:200)at org.json.JSONObject.wrap(JSONObject.java:2386)at org.json.JSONObject.populateMap(JSONObject.java:1505)at org.json.JSONObject.<init>(JSONObject.java:364)at org.json.JSONObject.wrap(JSONObject.java:2400)at org.json.JSONObject.populateMap(JSONObject.java:1505)at org.json.JSONObject.<init>(JSONObject.java:364)at org.json.JSONObject.wrap(JSONObject.java:2400)at org.json.JSONArray.<init>(JSONArray.java:200)at org.json.JSONObject.wrap(JSONObject.java:2386)at org.json.JSONObject.populateMap(JSONObject.java:1505)at org.json.JSONObject.<init>(JSONObject.java:364)at org.json.JSONObject.wrap(JSONObject.java:2400)at org.json.JSONObject.populateMap(JSONObject.java:1505)at org.json.JSONObject.<init>(JSONObject.java:364)at org.json.JSONObject.wrap(JSONObject.java:2400)at org.json.JSONArray.<init>(JSONArray.java:200)at org.json.JSONObject.wrap(JSONObject.java:2386)at org.json.JSONObject.populateMap(JSONObject.java:1505)at org.json.JSONObject.<init>(JSONObject.java:364)at org.json.JSONObject.wrap(JSONObject.java:2400)at org.json.JSONObject.populateMap(JSONObject.java:1505)at org.json.JSONObject.<init>(JSONObject.java:364)at org.json.JSONObject.wrap(JSONObject.java:2400)at org.json.JSONArray.<init>(JSONArray.java:200)at org.json.JSONObject.wrap(JSONObject.java:2386)at org.json.JSONObject.populateMap(JSONObject.java:1505)at org.json.JSONObject.<init>(JSONObject.java:364)at org.json.JSONObject.wrap(JSONObject.java:2400)at org.json.JSONObject.populateMap(JSONObject.java:1505)at org.json.JSONObject.<init>(JSONObject.java:364)at org.json.JSONObject.wrap(JSONObject.java:2400)at org.json.JSONArray.<init>(JSONArray.java:200)at org.json.JSONObject.wrap(JSONObject.java:2386)at org.json.JSONObject.populateMap(JSONObject.java:1505)at org.json.JSONObject.<init>(JSONObject.java:364)at org.json.JSONObject.wrap(JSONObject.java:2400)at org.json.JSONObject.populateMap(JSONObject.java:1505)at org.json.JSONObject.<init>(JSONObject.java:364)at org.json.JSONObject.wrap(JSONObject.java:2400)at org.json.JSONArray.<init>(JSONArray.java:200)at org.json.JSONObject.wrap(JSONObject.java:2386)at org.json.JSONObject.populateMap(JSONObject.java:1505)at org.json.JSONObject.<init>(JSONObject.java:364)at org.json.JSONObject.wrap(JSONObject.java:2400)at org.json.JSONObject.populateMap(JSONObject.java:1505)at org.json.JSONObject.<init>(JSONObject.java:364)at org.json.JSONObject.wrap(JSONObject.java:2400)at org.json.JSONArray.<init>(JSONArray.java:200)at org.json.JSONObject.wrap(JSONObject.java:2386)at org.json.JSONObject.populateMap(JSONObject.java:1505)at org.json.JSONObject.<init>(JSONObject.java:364)at org.json.JSONObject.wrap(JSONObject.java:2400)at org.json.JSONObject.populateMap(JSONObject.java:1505)at org.json.JSONObject.<init>(JSONObject.java:364)at org.json.JSONObject.wrap(JSONObject.java:2400)at org.json.JSONArray.<init>(JSONArray.java:200)at org.json.JSONObject.wrap(JSONObject.java:2386)at org.json.JSONObject.populateMap(JSONObject.java:1505)at org.json.JSONObject.<init>(JSONObject.java:364)at org.json.JSONObject.wrap(JSONObject.java:2400)at org.json.JSONObject.populateMap(JSONObject.java:1505)at org.json.JSONObject.<init>(JSONObject.java:364)at org.json.JSONObject.wrap(JSONObject.java:2400)at org.json.JSONArray.<init>(JSONArray.java:200)at org.json.JSONObject.wrap(JSONObject.java:2386)at org.json.JSONObject.populateMap(JSONObject.java:1505)at org.json.JSONObject.<init>(JSONObject.java:364)at org.json.JSONObject.wrap(JSONObject.java:2400)at org.json.JSONObject.populateMap(JSONObject.java:1505)at org.json.JSONObject.<init>(JSONObject.java:364)at org.json.JSONObject.wrap(JSONObject.java:2400)at org.json.JSONArray.<init>(JSONArray.java:200)at org.json.JSONObject.wrap(JSONObject.java:2386)at org.json.JSONObject.populateMap(JSONObject.java:1505)at org.json.JSONObject.<init>(JSONObject.java:364)at org.json.JSONObject.wrap(JSONObject.java:2400)at org.json.JSONObject.populateMap(JSONObject.java:1505)at org.json.JSONObject.<init>(JSONObject.java:364)at org.json.JSONObject.wrap(JSONObject.java:2400)at org.json.JSONArray.<init>(JSONArray.java:200)at org.json.JSONObject.wrap(JSONObject.java:2386)at org.json.JSONObject.populateMap(JSONObject.java:1505)at org.json.JSONObject.<init>(JSONObject.java:364)at org.json.JSONObject.wrap(JSONObject.java:2400)at org.json.JSONObject.populateMap(JSONObject.java:1505)at org.json.JSONObject.<init>(JSONObject.java:364)at org.json.JSONObject.wrap(JSONObject.java:2400)at org.json.JSONArray.<init>(JSONArray.java:200)at org.json.JSONObject.wrap(JSONObject.java:2386)at org.json.JSONObject.populateMap(JSONObject.java:1505)at org.json.JSONObject.<init>(JSONObject.java:364)at org.json.JSONObject.wrap(JSONObject.java:2400)at org.json.JSONObject.populateMap(JSONObject.java:1505)at org.json.JSONObject.<init>(JSONObject.java:364)at org.json.JSONObject.wrap(JSONObject.java:2400)at org.json.JSONArray.<init>(JSONArray.java:200)at org.json.JSONObject.wrap(JSONObject.java:2386)at org.json.JSONObject.populateMap(JSONObject.java:1505)at org.json.JSONObject.<init>(JSONObject.java:364)at org.json.JSONObject.wrap(JSONObject.java:2400)at org.json.JSONObject.populateMap(JSONObject.java:1505)at org.json.JSONObject.<init>(JSONObject.java:364)at org.json.JSONObject.wrap(JSONObject.java:2400)at org.json.JSONArray.<init>(JSONArray.java:200)at org.json.JSONObject.wrap(JSONObject.java:2386)at org.json.JSONObject.populateMap(JSONObject.java:1505)at org.json.JSONObject.<init>(JSONObject.java:364)at org.json.JSONObject.wrap(JSONObject.java:2400)at org.json.JSONObject.populateMap(JSONObject.java:1505)at org.json.JSONObject.<init>(JSONObject.java:364)at org.json.JSONObject.wrap(JSONObject.java:2400)at org.json.JSONArray.<init>(JSONArray.java:200)at org.json.JSONObject.wrap(JSONObject.java:2386)at org.json.JSONObject.populateMap(JSONObject.java:1505)at org.json.JSONObject.<init>(JSONObject.java:364)at org.json.JSONObject.wrap(JSONObject.java:2400)at org.json.JSONObject.populateMap(JSONObject.java:1505)at org.json.JSONObject.<init>(JSONObject.java:364)at org.json.JSONObject.wrap(JSONObject.java:2400)at org.json.JSONArray.<init>(JSONArray.java:200)at org.json.JSONObject.wrap(JSONObject.java:2386)at org.json.JSONObject.populateMap(JSONObject.java:1505)at org.json.JSONObject.<init>(JSONObject.java:364)at org.json.JSONObject.wrap(JSONObject.java:2400)at org.json.JSONObject.populateMap(JSONObject.java:1505)at org.json.JSONObject.<init>(JSONObject.java:364)at org.json.JSONObject.wrap(JSONObject.java:2400)at org.json.JSONArray.<init>(JSONArray.java:200)at org.json.JSONObject.wrap(JSONObject.java:2386)at org.json.JSONObject.populateMap(JSONObject.java:1505)at org.json.JSONObject.<init>(JSONObject.java:364)at org.json.JSONObject.wrap(JSONObject.java:2400)at org.json.JSONObject.populateMap(JSONObject.java:1505)at org.json.JSONObject.<init>(JSONObject.java:364)at org.json.JSONObject.wrap(JSONObject.java:2400)at org.json.JSONArray.<init>(JSONArray.java:200)at org.json.JSONObject.wrap(JSONObject.java:2386)at org.json.JSONObject.populateMap(JSONObject.java:1505)at org.json.JSONObject.<init>(JSONObject.java:364)at org.json.JSONObject.wrap(JSONObject.java:2400)at org.json.JSONObject.populateMap(JSONObject.java:1505)at org.json.JSONObject.<init>(JSONObject.java:364)at org.json.JSONObject.wrap(JSONObject.java:2400)at org.json.JSONArray.<init>(JSONArray.java:200)at org.json.JSONObject.wrap(JSONObject.java:2386)at org.json.JSONObject.populateMap(JSONObject.java:1505)at org.json.JSONObject.<init>(JSONObject.java:364)at org.json.JSONObject.wrap(JSONObject.java:2400)at org.json.JSONObject.populateMap(JSONObject.java:1505)at org.json.JSONObject.<init>(JSONObject.java:364)at org.json.JSONObject.wrap(JSONObject.java:2400)at org.json.JSONArray.<init>(JSONArray.java:200)at org.json.JSONObject.wrap(JSONObject.java:2386)at org.json.JSONObject.populateMap(JSONObject.java:1505)at org.json.JSONObject.<init>(JSONObject.java:364)at org.json.JSONObject.wrap(JSONObject.java:2400)at org.json.JSONObject.populateMap(JSONObject.java:1505)at org.json.JSONObject.<init>(JSONObject.java:364)at org.json.JSONObject.wrap(JSONObject.java:2400)at org.json.JSONArray.<init>(JSONArray.java:200)at org.json.JSONObject.wrap(JSONObject.java:2386)at org.json.JSONObject.populateMap(JSONObject.java:1505)at org.json.JSONObject.<init>(JSONObject.java:364)at org.json.JSONObject.wrap(JSONObject.java:2400)at org.json.JSONObject.populateMap(JSONObject.java:1505)at org.json.JSONObject.<init>(JSONObject.java:364)at org.json.JSONObject.wrap(JSONObject.java:2400)at org.json.JSONArray.<init>(JSONArray.java:200)at org.json.JSONObject.wrap(JSONObject.java:2386)at org.json.JSONObject.populateMap(JSONObject.java:1505)at org.json.JSONObject.<init>(JSONObject.java:364)at org.json.JSONObject.wrap(JSONObject.java:2400)at org.json.JSONObject.populateMap(JSONObject.java:1505)at org.json.JSONObject.<init>(JSONObject.java:364)at org.json.JSONObject.wrap(JSONObject.java:2400)at org.json.JSONArray.<init>(JSONArray.java:200)at org.json.JSONObject.wrap(JSONObject.java:2386)at org.json.JSONObject.populateMap(JSONObject.java:1505)at org.json.JSONObject.<init>(JSONObject.java:364)at org.json.JSONObject.wrap(JSONObject.java:2400)at org.json.JSONObject.populateMap(JSONObject.java:1505)at org.json.JSONObject.<init>(JSONObject.java:364)at org.json.JSONObject.wrap(JSONObject.java:2400)at org.json.JSONArray.<init>(JSONArray.java:200)at org.json.JSONObject.wrap(JSONObject.java:2386)at org.json.JSONObject.populateMap(JSONObject.java:1505)at org.json.JSONObject.<init>(JSONObject.java:364)at org.json.JSONObject.wrap(JSONObject.java:2400)at org.json.JSONObject.populateMap(JSONObject.java:1505)at org.json.JSONObject.<init>(JSONObject.java:364)at org.json.JSONObject.wrap(JSONObject.java:2400)at org.json.JSONArray.<init>(JSONArray.java:200)at org.json.JSONObject.wrap(JSONObject.java:2386)at org.json.JSONObject.populateMap(JSONObject.java:1505)at org.json.JSONObject.<init>(JSONObject.java:364)at org.json.JSONObject.wrap(JSONObject.java:2400)at org.json.JSONObject.populateMap(JSONObject.java:1505)at org.json.JSONObject.<init>(JSONObject.java:364)at org.json.JSONObject.wrap(JSONObject.java:2400)at org.json.JSONArray.<init>(JSONArray.java:200)at org.json.JSONObject.wrap(JSONObject.java:2386)at org.json.JSONObject.populateMap(JSONObject.java:1505)at org.json.JSONObject.<init>(JSONObject.java:364)at org.json.JSONObject.wrap(JSONObject.java:2400)at org.json.JSONObject.populateMap(JSONObject.java:1505)at org.json.JSONObject.<init>(JSONObject.java:364)at org.json.JSONObject.wrap(JSONObject.java:2400)at org.json.JSONArray.<init>(JSONArray.java:200)at org.json.JSONObject.wrap(JSONObject.java:2386)at org.json.JSONObject.populateMap(JSONObject.java:1505)at org.json.JSONObject.<init>(JSONObject.java:364)at org.json.JSONObject.wrap(JSONObject.java:2400)at org.json.JSONObject.populateMap(JSONObject.java:1505)at org.json.JSONObject.<init>(JSONObject.java:364)at org.json.JSONObject.wrap(JSONObject.java:2400)at org.json.JSONArray.<init>(JSONArray.java:200)at org.json.JSONObject.wrap(JSONObject.java:2386)at org.json.JSONObject.populateMap(JSONObject.java:1505)at org.json.JSONObject.<init>(JSONObject.java:364)at org.json.JSONObject.wrap(JSONObject.java:2400)at org.json.JSONObject.populateMap(JSONObject.java:1505)at org.json.JSONObject.<init>(JSONObject.java:364)at org.json.JSONObject.wrap(JSONObject.java:2400)at org.json.JSONArray.<init>(JSONArray.java:200)at org.json.JSONObject.wrap(JSONObject.java:2386)at org.json.JSONObject.populateMap(JSONObject.java:1505)at org.json.JSONObject.<init>(JSONObject.java:364)at org.json.JSONObject.wrap(JSONObject.java:2400)at org.json.JSONObject.populateMap(JSONObject.java:1505)at org.json.JSONObject.<init>(JSONObject.java:364)at org.json.JSONObject.wrap(JSONObject.java:2400)at org.json.JSONArray.<init>(JSONArray.java:200)at org.json.JSONObject.wrap(JSONObject.java:2386)at org.json.JSONObject.populateMap(JSONObject.java:1505)at org.json.JSONObject.<init>(JSONObject.java:364)at org.json.JSONObject.wrap(JSONObject.java:2400)at org.json.JSONObject.populateMap(JSONObject.java:1505)at org.json.JSONObject.<init>(JSONObject.java:364)at org.json.JSONObject.wrap(JSONObject.java:2400)at org.json.JSONArray.<init>(JSONArray.java:200)at org.json.JSONObject.wrap(JSONObject.java:2386)at org.json.JSONObject.populateMap(JSONObject.java:1505)at org.json.JSONObject.<init>(JSONObject.java:364)at org.json.JSONObject.wrap(JSONObject.java:2400)at org.json.JSONObject.populateMap(JSONObject.java:1505)at org.json.JSONObject.<init>(JSONObject.java:364)at org.json.JSONObject.wrap(JSONObject.java:2400)at org.json.JSONArray.<init>(JSONArray.java:200)at org.json.JSONObject.wrap(JSONObject.java:2386)at org.json.JSONObject.populateMap(JSONObject.java:1505)at org.json.JSONObject.<init>(JSONObject.java:364)at org.json.JSONObject.wrap(JSONObject.java:2400)at org.json.JSONObject.populateMap(JSONObject.java:1505)at org.json.JSONObject.<init>(JSONObject.java:364)at org.json.JSONObject.wrap(JSONObject.java:2400)at org.json.JSONArray.<init>(JSONArray.java:200)at org.json.JSONObject.wrap(JSONObject.java:2386)at org.json.JSONObject.populateMap(JSONObject.java:1505)at org.json.JSONObject.<init>(JSONObject.java:364)at org.json.JSONObject.wrap(JSONObject.java:2400)at org.json.JSONObject.populateMap(JSONObject.java:1505)at org.json.JSONObject.<init>(JSONObject.java:364)at org.json.JSONObject.wrap(JSONObject.java:2400)at org.json.JSONArray.<init>(JSONArray.java:200)at org.json.JSONObject.wrap(JSONObject.java:2386)at org.json.JSONObject.populateMap(JSONObject.java:1505)at org.json.JSONObject.<init>(JSONObject.java:364)at org.json.JSONObject.wrap(JSONObject.java:2400)at org.json.JSONObject.populateMap(JSONObject.java:1505)at org.json.JSONObject.<init>(JSONObject.java:364)at org.json.JSONObject.wrap(JSONObject.java:2400)at org.json.JSONArray.<init>(JSONArray.java:200)at org.json.JSONObject.wrap(JSONObject.java:2386)at org.json.JSONObject.populateMap(JSONObject.java:1505)at org.json.JSONObject.<init>(JSONObject.java:364)at org.json.JSONObject.wrap(JSONObject.java:2400)at org.json.JSONObject.populateMap(JSONObject.java:1505)at org.json.JSONObject.<init>(JSONObject.java:364)at org.json.JSONObject.wrap(JSONObject.java:2400)at org.json.JSONArray.<init>(JSONArray.java:200)at org.json.JSONObject.wrap(JSONObject.java:2386)at org.json.JSONObject.populateMap(JSONObject.java:1505)at org.json.JSONObject.<init>(JSONObject.java:364)at org.json.JSONObject.wrap(JSONObject.java:2400)at org.json.JSONObject.populateMap(JSONObject.java:1505)at org.json.JSONObject.<init>(JSONObject.java:364)at org.json.JSONObject.wrap(JSONObject.java:2400)at org.json.JSONArray.<init>(JSONArray.java:200)at org.json.JSONObject.wrap(JSONObject.java:2386)at org.json.JSONObject.populateMap(JSONObject.java:1505)at org.json.JSONObject.<init>(JSONObject.java:364)at org.json.JSONObject.wrap(JSONObject.java:2400)at org.json.JSONObject.populateMap(JSONObject.java:1505)at org.json.JSONObject.<init>(JSONObject.java:364)at org.json.JSONObject.wrap(JSONObject.java:2400)at org.json.JSONArray.<init>(JSONArray.java:200)at org.json.JSONObject.wrap(JSONObject.java:2386)at org.json.JSONObject.populateMap(JSONObject.java:1505)at org.json.JSONObject.<init>(JSONObject.java:364)at org.json.JSONObject.wrap(JSONObject.java:2400)at org.json.JSONObject.populateMap(JSONObject.java:1505)at org.json.JSONObject.<init>(JSONObject.java:364)at org.json.JSONObject.wrap(JSONObject.java:2400)at org.json.JSONArray.<init>(JSONArray.java:200)at org.json.JSONObject.wrap(JSONObject.java:2386)at org.json.JSONObject.populateMap(JSONObject.java:1505)at org.json.JSONObject.<init>(JSONObject.java:364)at org.json.JSONObject.wrap(JSONObject.java:2400)at org.json.JSONObject.populateMap(JSONObject.java:1505)at org.json.JSONObject.<init>(JSONObject.java:364)at org.json.JSONObject.wrap(JSONObject.java:2400)at org.json.JSONArray.<init>(JSONArray.java:200)at org.json.JSONObject.wrap(JSONObject.java:2386)at org.json.JSONObject.populateMap(JSONObject.java:1505)at org.json.JSONObject.<init>(JSONObject.java:364)at org.json.JSONObject.wrap(JSONObject.java:2400)at org.json.JSONObject.populateMap(JSONObject.java:1505)at org.json.JSONObject.<init>(JSONObject.java:364)at org.json.JSONObject.wrap(JSONObject.java:2400)at org.json.JSONArray.<init>(JSONArray.java:200)at org.json.JSONObject.wrap(JSONObject.java:2386)at org.json.JSONObject.populateMap(JSONObject.java:1505)at org.json.JSONObject.<init>(JSONObject.java:364)at org.json.JSONObject.wrap(JSONObject.java:2400)at org.json.JSONObject.populateMap(JSONObject.java:1505)at org.json.JSONObject.<init>(JSONObject.java:364)at org.json.JSONObject.wrap(JSONObject.java:2400)at org.json.JSONArray.<init>(JSONArray.java:200)at org.json.JSONObject.wrap(JSONObject.java:2386)at org.json.JSONObject.populateMap(JSONObject.java:1505)at org.json.JSONObject.<init>(JSONObject.java:364)at org.json.JSONObject.wrap(JSONObject.java:2400)at org.json.JSONObject.populateMap(JSONObject.java:1505)at org.json.JSONObject.<init>(JSONObject.java:364)at org.json.JSONObject.wrap(JSONObject.java:2400)at org.json.JSONArray.<init>(JSONArray.java:200)at org.json.JSONObject.wrap(JSONObject.java:2386)at org.json.JSONObject.populateMap(JSONObject.java:1505)at org.json.JSONObject.<init>(JSONObject.java:364)at org.json.JSONObject.wrap(JSONObject.java:2400)at org.json.JSONObject.populateMap(JSONObject.java:1505)at org.json.JSONObject.<init>(JSONObject.java:364)at org.json.JSONObject.wrap(JSONObject.java:2400)at org.json.JSONArray.<init>(JSONArray.java:200)at org.json.JSONObject.wrap(JSONObject.java:2386)at org.json.JSONObject.populateMap(JSONObject.java:1505)at org.json.JSONObject.<init>(JSONObject.java:364)at org.json.JSONObject.wrap(JSONObject.java:2400)at org.json.JSONObject.populateMap(JSONObject.java:1505)at org.json.JSONObject.<init>(JSONObject.java:364)at org.json.JSONObject.wrap(JSONObject.java:2400)at org.json.JSONArray.<init>(JSONArray.java:200)at org.json.JSONObject.wrap(JSONObject.java:2386)at org.json.JSONObject.populateMap(JSONObject.java:1505)at org.json.JSONObject.<init>(JSONObject.java:364)at org.json.JSONObject.wrap(JSONObject.java:2400)at org.json.JSONObject.populateMap(JSONObject.java:1505)at org.json.JSONObject.<init>(JSONObject.java:364)at org.json.JSONObject.wrap(JSONObject.java:2400)at org.json.JSONArray.<init>(JSONArray.java:200)at org.json.JSONObject.wrap(JSONObject.java:2386)at org.json.JSONObject.populateMap(JSONObject.java:1505)at org.json.JSONObject.<init>(JSONObject.java:364)at org.json.JSONObject.wrap(JSONObject.java:2400)at org.json.JSONObject.populateMap(JSONObject.java:1505)at org.json.JSONObject.<init>(JSONObject.java:364)at org.json.JSONObject.wrap(JSONObject.java:2400)at org.json.JSONArray.<init>(JSONArray.java:200)at org.json.JSONObject.wrap(JSONObject.java:2386)at org.json.JSONObject.populateMap(JSONObject.java:1505)at org.json.JSONObject.<init>(JSONObject.java:364)at org.json.JSONObject.wrap(JSONObject.java:2400)at org.json.JSONObject.populateMap(JSONObject.java:1505)at org.json.JSONObject.<init>(JSONObject.java:364)at org.json.JSONObject.wrap(JSONObject.java:2400)at org.json.JSONArray.<init>(JSONArray.java:200)at org.json.JSONObject.wrap(JSONObject.java:2386)at org.json.JSONObject.populateMap(JSONObject.java:1505)at org.json.JSONObject.<init>(JSONObject.java:364)at org.json.JSONObject.wrap(JSONObject.java:2400)at org.json.JSONObject.populateMap(JSONObject.java:1505)at org.json.JSONObject.<init>(JSONObject.java:364)at org.json.JSONObject.wrap(JSONObject.java:2400)at org.json.JSONArray.<init>(JSONArray.java:200)at org.json.JSONObject.wrap(JSONObject.java:2386)at org.json.JSONObject.populateMap(JSONObject.java:1505)at org.json.JSONObject.<init>(JSONObject.java:364)at org.json.JSONObject.wrap(JSONObject.java:2400)at org.json.JSONObject.populateMap(JSONObject.java:1505)at org.json.JSONObject.<init>(JSONObject.java:364)at org.json.JSONObject.wrap(JSONObject.java:2400)at org.json.JSONArray.<init>(JSONArray.java:200)at org.json.JSONObject.wrap(JSONObject.java:2386)at org.json.JSONObject.populateMap(JSONObject.java:1505)at org.json.JSONObject.<init>(JSONObject.java:364)at org.json.JSONObject.wrap(JSONObject.java:2400)at org.json.JSONObject.populateMap(JSONObject.java:1505)at org.json.JSONObject.<init>(JSONObject.java:364)at org.json.JSONObject.wrap(JSONObject.java:2400)at org.json.JSONArray.<init>(JSONArray.java:200)at org.json.JSONObject.wrap(JSONObject.java:2386)at org.json.JSONObject.populateMap(JSONObject.java:1505)at org.json.JSONObject.<init>(JSONObject.java:364)at org.json.JSONObject.wrap(JSONObject.java:2400)at org.json.JSONObject.populateMap(JSONObject.java:1505)at org.json.JSONObject.<init>(JSONObject.java:364)at org.json.JSONObject.wrap(JSONObject.java:2400)at org.json.JSONArray.<init>(JSONArray.java:200)at org.json.JSONObject.wrap(JSONObject.java:2386)at org.json.JSONObject.populateMap(JSONObject.java:1505)at org.json.JSONObject.<init>(JSONObject.java:364)at org.json.JSONObject.wrap(JSONObject.java:2400)at org.json.JSONObject.populateMap(JSONObject.java:1505)at org.json.JSONObject.<init>(JSONObject.java:364)at org.json.JSONObject.wrap(JSONObject.java:2400)at org.json.JSONArray.<init>(JSONArray.java:200)at org.json.JSONObject.wrap(JSONObject.java:2386)at org.json.JSONObject.populateMap(JSONObject.java:1505)at org.json.JSONObject.<init>(JSONObject.java:364)at org.json.JSONObject.wrap(JSONObject.java:2400)at org.json.JSONObject.populateMap(JSONObject.java:1505)at org.json.JSONObject.<init>(JSONObject.java:364)at org.json.JSONObject.wrap(JSONObject.java:2400)at org.json.JSONArray.<init>(JSONArray.java:200)at org.json.JSONObject.wrap(JSONObject.java:2386)at org.json.JSONObject.populateMap(JSONObject.java:1505)at org.json.JSONObject.<init>(JSONObject.java:364)at org.json.JSONObject.wrap(JSONObject.java:2400)at org.json.JSONObject.populateMap(JSONObject.java:1505)at org.json.JSONObject.<init>(JSONObject.java:364)at org.json.JSONObject.wrap(JSONObject.java:2400)at org.json.JSONArray.<init>(JSONArray.java:200)at org.json.JSONObject.wrap(JSONObject.java:2386)at org.json.JSONObject.populateMap(JSONObject.java:1505)at org.json.JSONObject.<init>(JSONObject.java:364)at org.json.JSONObject.wrap(JSONObject.java:2400)at org.json.JSONObject.populateMap(JSONObject.java:1505)at org.json.JSONObject.<init>(JSONObject.java:364)at org.json.JSONObject.wrap(JSONObject.java:2400)at org.json.JSONArray.<init>(JSONArray.java:200)at org.json.JSONObject.wrap(JSONObject.java:2386)at org.json.JSONObject.populateMap(JSONObject.java:1505)at org.json.JSONObject.<init>(JSONObject.java:364)at org.json.JSONObject.wrap(JSONObject.java:2400)at org.json.JSONObject.populateMap(JSONObject.java:1505)at org.json.JSONObject.<init>(JSONObject.java:364)at org.json.JSONObject.wrap(JSONObject.java:2400)at org.json.JSONArray.<init>(JSONArray.java:200)at org.json.JSONObject.wrap(JSONObject.java:2386)at org.json.JSONObject.populateMap(JSONObject.java:1505)at org.json.JSONObject.<init>(JSONObject.java:364)at org.json.JSONObject.wrap(JSONObject.java:2400)at org.json.JSONObject.populateMap(JSONObject.java:1505)at org.json.JSONObject.<init>(JSONObject.java:364)at org.json.JSONObject.wrap(JSONObject.java:2400)at org.json.JSONArray.<init>(JSONArray.java:200)at org.json.JSONObject.wrap(JSONObject.java:2386)at org.json.JSONObject.populateMap(JSONObject.java:1505)at org.json.JSONObject.<init>(JSONObject.java:364)at org.json.JSONObject.wrap(JSONObject.java:2400)at org.json.JSONObject.populateMap(JSONObject.java:1505)at org.json.JSONObject.<init>(JSONObject.java:364)at org.json.JSONObject.wrap(JSONObject.java:2400)at org.json.JSONArray.<init>(JSONArray.java:200)at org.json.JSONObject.wrap(JSONObject.java:2386)at org.json.JSONObject.populateMap(JSONObject.java:1505)at org.json.JSONObject.<init>(JSONObject.java:364)at org.json.JSONObject.wrap(JSONObject.java:2400)at org.json.JSONObject.populateMap(JSONObject.java:1505)at org.json.JSONObject.<init>(JSONObject.java:364)at org.json.JSONObject.wrap(JSONObject.java:2400)at org.json.JSONArray.<init>(JSONArray.java:200)at org.json.JSONObject.wrap(JSONObject.java:2386)at org.json.JSONObject.populateMap(JSONObject.java:1505)at org.json.JSONObject.<init>(JSONObject.java:364)at org.json.JSONObject.wrap(JSONObject.java:2400)at org.json.JSONObject.populateMap(JSONObject.java:1505)at org.json.JSONObject.<init>(JSONObject.java:364)at org.json.JSONObject.wrap(JSONObject.java:2400)at org.json.JSONArray.<init>(JSONArray.java:200)at org.json.JSONObject.wrap(JSONObject.java:2386)at org.json.JSONObject.populateMap(JSONObject.java:1505)at org.json.JSONObject.<init>(JSONObject.java:364)at org.json.JSONObject.wrap(JSONObject.java:2400)at org.json.JSONObject.populateMap(JSONObject.java:1505)at org.json.JSONObject.<init>(JSONObject.java:364)at org.json.JSONObject.wrap(JSONObject.java:2400)at org.json.JSONArray.<init>(JSONArray.java:200)at org.json.JSONObject.wrap(JSONObject.java:2386)at org.json.JSONObject.populateMap(JSONObject.java:1505)at org.json.JSONObject.<init>(JSONObject.java:364)at org.json.JSONObject.wrap(JSONObject.java:2400)at org.json.JSONObject.populateMap(JSONObject.java:1505)at org.json.JSONObject.<init>(JSONObject.java:364)at org.json.JSONObject.wrap(JSONObject.java:2400)at org.json.JSONArray.<init>(JSONArray.java:200)at org.json.JSONObject.wrap(JSONObject.java:2386)at org.json.JSONObject.populateMap(JSONObject.java:1505)at org.json.JSONObject.<init>(JSONObject.java:364)at org.json.JSONObject.wrap(JSONObject.java:2400)at org.json.JSONObject.populateMap(JSONObject.java:1505)at org.json.JSONObject.<init>(JSONObject.java:364)at org.json.JSONObject.wrap(JSONObject.java:2400)at org.json.JSONArray.<init>(JSONArray.java:200)at org.json.JSONObject.wrap(JSONObject.java:2386)at org.json.JSONObject.populateMap(JSONObject.java:1505)at org.json.JSONObject.<init>(JSONObject.java:364)at org.json.JSONObject.wrap(JSONObject.java:2400)at org.json.JSONObject.populateMap(JSONObject.java:1505)at org.json.JSONObject.<init>(JSONObject.java:364)at org.json.JSONObject.wrap(JSONObject.java:2400)at org.json.JSONArray.<init>(JSONArray.java:200)at org.json.JSONObject.wrap(JSONObject.java:2386)at org.json.JSONObject.populateMap(JSONObject.java:1505)at org.json.JSONObject.<init>(JSONObject.java:364)at org.json.JSONObject.wrap(JSONObject.java:2400)at org.json.JSONObject.populateMap(JSONObject.java:1505)at org.json.JSONObject.<init>(JSONObject.java:364)at org.json.JSONObject.wrap(JSONObject.java:2400)at org.json.JSONArray.<init>(JSONArray.java:200)at org.json.JSONObject.wrap(JSONObject.java:2386)at org.json.JSONObject.populateMap(JSONObject.java:1505)at org.json.JSONObject.<init>(JSONObject.java:364)at org.json.JSONObject.wrap(JSONObject.java:2400)at org.json.JSONObject.populateMap(JSONObject.java:1505)at org.json.JSONObject.<init>(JSONObject.java:364)at org.json.JSONObject.wrap(JSONObject.java:2400)at org.json.JSONArray.<init>(JSONArray.java:200)at org.json.JSONObject.wrap(JSONObject.java:2386)at org.json.JSONObject.populateMap(JSONObject.java:1505)at org.json.JSONObject.<init>(JSONObject.java:364)at org.json.JSONObject.wrap(JSONObject.java:2400)at org.json.JSONObject.populateMap(JSONObject.java:1505)at org.json.JSONObject.<init>(JSONObject.java:364)at org.json.JSONObject.wrap(JSONObject.java:2400)at org.json.JSONArray.<init>(JSONArray.java:200)at org.json.JSONObject.wrap(JSONObject.java:2386)at org.json.JSONObject.populateMap(JSONObject.java:1505)at org.json.JSONObject.<init>(JSONObject.java:364)at org.json.JSONObject.wrap(JSONObject.java:2400)at org.json.JSONObject.populateMap(JSONObject.java:1505)at org.json.JSONObject.<init>(JSONObject.java:364)at org.json.JSONObject.wrap(JSONObject.java:2400)at org.json.JSONArray.<init>(JSONArray.java:200)at org.json.JSONObject.wrap(JSONObject.java:2386)at org.json.JSONObject.populateMap(JSONObject.java:1505)at org.json.JSONObject.<init>(JSONObject.java:364)at org.json.JSONObject.wrap(JSONObject.java:2400)at org.json.JSONObject.populateMap(JSONObject.java:1505)at org.json.JSONObject.<init>(JSONObject.java:364)]]>
    </failure>
  </testcase> <!-- loginAuthentication -->
</testsuite> <!-- Default test -->
