<?xml version="1.0" encoding="UTF-8"?>
<!-- Generated by org.testng.reporters.JUnitXMLReporter -->
<testsuite hostname="DESKTOP-D8C95I2" ignored="0" name="Listener test" tests="7" failures="0" timestamp="31 Aug 2020 10:07:08 GMT" time="0.262" errors="0">
  <testcase name="test1" time="0.036" classname="testNG.ListenerTest"/>
  <testcase name="test2" time="0.004" classname="testNG.ListenerTest">
    <skipped/>
  </testcase> <!-- test2 -->
  <testcase name="test3" time="0.016" classname="testNG.ListenerTest"/>
  <testcase name="test3" time="0.008" classname="testNG.ListenerTest"/>
  <testcase name="test3" time="0.004" classname="testNG.ListenerTest"/>
  <testcase name="test3" time="0.004" classname="testNG.ListenerTest"/>
  <testcase name="test3" time="0.004" classname="testNG.ListenerTest"/>
</testsuite> <!-- Listener test -->
