<?xml version="1.0" encoding="UTF-8"?>
<!-- Generated by org.testng.reporters.JUnitXMLReporter -->
<testsuite hostname="DESKTOP-D8C95I2" ignored="1" name="Grouping in TestNG" tests="2" failures="0" timestamp="05 Jul 2020 14:05:38 GMT" time="0.109" errors="0">
  <testcase name="test2" time="0.024" classname="testNG.GroupsInTestng"/>
  <testcase name="test3" time="0.007" classname="testNG.GroupsInTestng"/>
  <testcase name="test1" time="0.0" classname="testNG.GroupsInTestng">
    <ignored/>
  </testcase> <!-- test1 -->
</testsuite> <!-- Grouping in TestNG -->
