<?xml version="1.0" encoding="UTF-8"?>
<!-- Generated by org.testng.reporters.JUnitXMLReporter -->
<testsuite hostname="DESKTOP-D8C95I2" ignored="0" name="Default test" tests="7" failures="0" timestamp="05 Oct 2021 18:35:07 GMT" time="0.519" errors="0">
  <testcase name="test1" time="0.051" classname="testNG.ListenerTest"/>
  <testcase name="test2" time="0.0" classname="testNG.ListenerTest">
    <skipped/>
  </testcase> <!-- test2 -->
  <testcase name="test3" time="0.139" classname="testNG.ListenerTest"/>
  <testcase name="test3" time="0.002" classname="testNG.ListenerTest"/>
  <testcase name="test3" time="0.008" classname="testNG.ListenerTest"/>
  <testcase name="test3" time="0.01" classname="testNG.ListenerTest"/>
  <testcase name="test3" time="0.009" classname="testNG.ListenerTest"/>
</testsuite> <!-- Default test -->
