<?xml version="1.0" encoding="UTF-8"?>
<!-- Generated by org.testng.reporters.JUnitXMLReporter -->
<testsuite hostname="DESKTOP-D8C95I2" ignored="0" name="Default test" tests="2" failures="0" timestamp="07 Nov 2021 17:19:55 GMT" time="67.042" errors="0">
  <testcase name="searchProductAndAddToCart" time="35.64" classname="com.amit.web.automation.SearchProductAndAddToCart"/>
  <testcase name="checkoutProduct" time="21.822" classname="com.amit.web.automation.SearchProductAndAddToCart"/>
</testsuite> <!-- Default test -->
