<?xml version="1.0" encoding="UTF-8"?>
<!-- Generated by org.testng.reporters.JUnitXMLReporter -->
<testsuite hostname="DESKTOP-D8C95I2" ignored="3" name="JenkinsTest" tests="2" failures="0" timestamp="15 Nov 2020 09:46:16 GMT" time="62.774" errors="0">
  <testcase name="switchToWindow" time="27.65" classname="com.amit.web.testscripts.SwitchingWindows"/>
  <testcase name="automationPracticeHomePageAccess" time="12.508" classname="com.amit.web.testscripts.TC001Testtoverifyhomepage"/>
  <testcase name="@BeforeSuite beforeSuite" time="0.0" classname="com.amit.web.testBase.TestBase">
    <ignored/>
  </testcase> <!-- @BeforeSuite beforeSuite -->
  <testcase name="@AfterTest afterTest" time="0.0" classname="com.amit.web.testBase.TestBase">
    <ignored/>
  </testcase> <!-- @AfterTest afterTest -->
  <testcase name="@BeforeTest beforeTest" time="0.0" classname="com.amit.web.testBase.TestBase">
    <ignored/>
  </testcase> <!-- @BeforeTest beforeTest -->
</testsuite> <!-- JenkinsTest -->
